<?xml version="1.0" encoding="UTF-8"?>
<testsuite name="hstest.MinesweeperTest" tests="1" skipped="0" failures="0" errors="0" timestamp="2024-01-07T13:06:19" hostname="SERIZE" time="3.798">
  <properties/>
  <testcase name="start" classname="hstest.MinesweeperTest" time="3.798"/>
  <system-out><![CDATA[?[1;31m
Start test 1?[0m
How many mines do you want on the field?
> 1

 |123456789|
-|---------|
1|.........|
2|.........|
3|.........|
4|.........|
5|.........|
6|.........|
7|.........|
8|.........|
9|.........|
-|---------|
Set/unset mines marks or claim a cell as free:
> 9 2 free

 |123456789|
-|---------|
1|/////////|
2|111//////|
3|..1//////|
4|111//////|
5|/////////|
6|/////////|
7|/////////|
8|/////////|
9|/////////|
-|---------|
Set/unset mines marks or claim a cell as free:
> 2 3 mine

 |123456789|
-|---------|
1|/////////|
2|111//////|
3|.*1//////|
4|111//////|
5|/////////|
6|/////////|
7|/////////|
8|/////////|
9|/////////|
-|---------|
Congratulations! You found all the mines!
?[1;31m
Start test 2?[0m
How many mines do you want on the field?
> 1

 |123456789|
-|---------|
1|.........|
2|.........|
3|.........|
4|.........|
5|.........|
6|.........|
7|.........|
8|.........|
9|.........|
-|---------|
Set/unset mines marks or claim a cell as free:
> 7 5 free

 |123456789|
-|---------|
1|/////////|
2|/////////|
3|/////////|
4|/////////|
5|/////////|
6|/////////|
7|/////////|
8|11///////|
9|.1///////|
-|---------|
Congratulations! You found all the mines!
?[1;31m
Start test 3?[0m
How many mines do you want on the field?
> 1

 |123456789|
-|---------|
1|.........|
2|.........|
3|.........|
4|.........|
5|.........|
6|.........|
7|.........|
8|.........|
9|.........|
-|---------|
Set/unset mines marks or claim a cell as free:
> 9 6 free

 |123456789|
-|---------|
1|/////////|
2|/////////|
3|/////////|
4|/////////|
5|/////////|
6|/////////|
7|//////111|
8|//////1..|
9|//////1..|
-|---------|
Set/unset mines marks or claim a cell as free:
> 8 8 mine

 |123456789|
-|---------|
1|/////////|
2|/////////|
3|/////////|
4|/////////|
5|/////////|
6|/////////|
7|//////111|
8|//////1*.|
9|//////1..|
-|---------|
Congratulations! You found all the mines!
?[1;31m
Start test 4?[0m
How many mines do you want on the field?
> 1

 |123456789|
-|---------|
1|.........|
2|.........|
3|.........|
4|.........|
5|.........|
6|.........|
7|.........|
8|.........|
9|.........|
-|---------|
Set/unset mines marks or claim a cell as free:
> 6 2 free

 |123456789|
-|---------|
1|/////////|
2|/////////|
3|/////////|
4|/////////|
5|////111//|
6|////1.1//|
7|////111//|
8|/////////|
9|/////////|
-|---------|
Congratulations! You found all the mines!
?[1;31m
Start test 5?[0m
How many mines do you want on the field?
> 1

 |123456789|
-|---------|
1|.........|
2|.........|
3|.........|
4|.........|
5|.........|
6|.........|
7|.........|
8|.........|
9|.........|
-|---------|
Set/unset mines marks or claim a cell as free:
> 6 1 mine

 |123456789|
-|---------|
1|.....*...|
2|.........|
3|.........|
4|.........|
5|.........|
6|.........|
7|.........|
8|.........|
9|.........|
-|---------|
Set/unset mines marks or claim a cell as free:
> 3 7 mine

 |123456789|
-|---------|
1|.....*...|
2|.........|
3|.........|
4|.........|
5|.........|
6|.........|
7|..*......|
8|.........|
9|.........|
-|---------|
Set/unset mines marks or claim a cell as free:
> 2 5 mine

 |123456789|
-|---------|
1|.....*...|
2|.........|
3|.........|
4|.........|
5|.*.......|
6|.........|
7|..*......|
8|.........|
9|.........|
-|---------|
Set/unset mines marks or claim a cell as free:
> 6 9 mine

 |123456789|
-|---------|
1|.....*...|
2|.........|
3|.........|
4|.........|
5|.*.......|
6|.........|
7|..*......|
8|.........|
9|.....*...|
-|---------|
Set/unset mines marks or claim a cell as free:
> 7 7 free

 |123456789|
-|---------|
1|/////////|
2|/////////|
3|////111//|
4|////1.1//|
5|////111//|
6|/////////|
7|/////////|
8|/////////|
9|/////////|
-|---------|
Congratulations! You found all the mines!
?[1;31m
Start test 6?[0m
How many mines do you want on the field?
> 1

 |123456789|
-|---------|
1|.........|
2|.........|
3|.........|
4|.........|
5|.........|
6|.........|
7|.........|
8|.........|
9|.........|
-|---------|
Set/unset mines marks or claim a cell as free:
> 6 2 free

 |123456789|
-|---------|
1|.........|
2|.....1...|
3|.........|
4|.........|
5|.........|
6|.........|
7|.........|
8|.........|
9|.........|
-|---------|
Set/unset mines marks or claim a cell as free:
> 7 1 mine

 |123456789|
-|---------|
1|......*..|
2|.....1...|
3|.........|
4|.........|
5|.........|
6|.........|
7|.........|
8|.........|
9|.........|
-|---------|
Set/unset mines marks or claim a cell as free:
> 5 8 free

 |123456789|
-|---------|
1|/////////|
2|/////111/|
3|/////1.1/|
4|/////111/|
5|/////////|
6|/////////|
7|/////////|
8|/////////|
9|/////////|
-|---------|
Congratulations! You found all the mines!
?[1;31m
Start test 7?[0m
How many mines do you want on the field?
> 1

 |123456789|
-|---------|
1|.........|
2|.........|
3|.........|
4|.........|
5|.........|
6|.........|
7|.........|
8|.........|
9|.........|
-|---------|
Set/unset mines marks or claim a cell as free:
> 3 4 free

 |123456789|
-|---------|
1|/////////|
2|/////////|
3|/////////|
4|/////////|
5|/////////|
6|/////////|
7|/////////|
8|11///////|
9|.1///////|
-|---------|
Congratulations! You found all the mines!
?[1;31m
Start test 8?[0m
How many mines do you want on the field?
> 1

 |123456789|
-|---------|
1|.........|
2|.........|
3|.........|
4|.........|
5|.........|
6|.........|
7|.........|
8|.........|
9|.........|
-|---------|
Set/unset mines marks or claim a cell as free:
> 2 7 free

 |123456789|
-|---------|
1|//////1..|
2|//////111|
3|/////////|
4|/////////|
5|/////////|
6|/////////|
7|/////////|
8|/////////|
9|/////////|
-|---------|
Set/unset mines marks or claim a cell as free:
> 8 1 free

 |123456789|
-|---------|
1|//////1X1|
2|//////111|
3|/////////|
4|/////////|
5|/////////|
6|/////////|
7|/////////|
8|/////////|
9|/////////|
-|---------|
You stepped on a mine and failed
?[1;31m
Start test 9?[0m
How many mines do you want on the field?
> 1

 |123456789|
-|---------|
1|.........|
2|.........|
3|.........|
4|.........|
5|.........|
6|.........|
7|.........|
8|.........|
9|.........|
-|---------|
Set/unset mines marks or claim a cell as free:
> 9 4 free

 |123456789|
-|---------|
1|/////1.1/|
2|/////1.1/|
3|/////111/|
4|/////////|
5|/////////|
6|/////////|
7|/////////|
8|/////////|
9|/////////|
-|---------|
Set/unset mines marks or claim a cell as free:
> 7 1 free

 |123456789|
-|---------|
1|/////111/|
2|/////1.1/|
3|/////111/|
4|/////////|
5|/////////|
6|/////////|
7|/////////|
8|/////////|
9|/////////|
-|---------|
Congratulations! You found all the mines!
?[1;31m
Start test 10?[0m
How many mines do you want on the field?
> 1

 |123456789|
-|---------|
1|.........|
2|.........|
3|.........|
4|.........|
5|.........|
6|.........|
7|.........|
8|.........|
9|.........|
-|---------|
Set/unset mines marks or claim a cell as free:
> 9 2 mine

 |123456789|
-|---------|
1|.........|
2|........*|
3|.........|
4|.........|
5|.........|
6|.........|
7|.........|
8|.........|
9|.........|
-|---------|
Set/unset mines marks or claim a cell as free:
> 1 3 free

 |123456789|
-|---------|
1|/////////|
2|/////////|
3|/////////|
4|/////////|
5|/////////|
6|/111/////|
7|/1.1/////|
8|/111/////|
9|/////////|
-|---------|
Congratulations! You found all the mines!
?[1;31m
Start test 11?[0m
How many mines do you want on the field?
> 1

 |123456789|
-|---------|
1|.........|
2|.........|
3|.........|
4|.........|
5|.........|
6|.........|
7|.........|
8|.........|
9|.........|
-|---------|
Set/unset mines marks or claim a cell as free:
> 1 2 free

 |123456789|
-|---------|
1|/////////|
2|/////////|
3|/////////|
4|/////////|
5|/////////|
6|/////////|
7|/////////|
8|////111//|
9|////1.1//|
-|---------|
Congratulations! You found all the mines!
?[1;31m
Start test 12?[0m
How many mines do you want on the field?
> 1

 |123456789|
-|---------|
1|.........|
2|.........|
3|.........|
4|.........|
5|.........|
6|.........|
7|.........|
8|.........|
9|.........|
-|---------|
Set/unset mines marks or claim a cell as free:
> 7 8 mine

 |123456789|
-|---------|
1|.........|
2|.........|
3|.........|
4|.........|
5|.........|
6|.........|
7|.........|
8|......*..|
9|.........|
-|---------|
Set/unset mines marks or claim a cell as free:
> 9 2 free

 |123456789|
-|---------|
1|/////////|
2|/111/////|
3|/1.1/////|
4|/111/////|
5|/////////|
6|/////////|
7|/////////|
8|/////////|
9|/////////|
-|---------|
Congratulations! You found all the mines!
?[1;31m
Start test 13?[0m
How many mines do you want on the field?
> 1

 |123456789|
-|---------|
1|.........|
2|.........|
3|.........|
4|.........|
5|.........|
6|.........|
7|.........|
8|.........|
9|.........|
-|---------|
Set/unset mines marks or claim a cell as free:
> 9 6 free

 |123456789|
-|---------|
1|/////////|
2|/////////|
3|/////////|
4|/////////|
5|/////////|
6|/////////|
7|/////111/|
8|/////1.1/|
9|/////1.1/|
-|---------|
Set/unset mines marks or claim a cell as free:
> 7 9 mine

 |123456789|
-|---------|
1|/////////|
2|/////////|
3|/////////|
4|/////////|
5|/////////|
6|/////////|
7|/////111/|
8|/////1.1/|
9|/////1*1/|
-|---------|
Set/unset mines marks or claim a cell as free:
> 7 8 mine

 |123456789|
-|---------|
1|/////////|
2|/////////|
3|/////////|
4|/////////|
5|/////////|
6|/////////|
7|/////111/|
8|/////1*1/|
9|/////1*1/|
-|---------|
Set/unset mines marks or claim a cell as free:
> 7 9 mine

 |123456789|
-|---------|
1|/////////|
2|/////////|
3|/////////|
4|/////////|
5|/////////|
6|/////////|
7|/////111/|
8|/////1*1/|
9|/////1.1/|
-|---------|
Congratulations! You found all the mines!
?[1;31m
Start test 14?[0m
How many mines do you want on the field?
> 1

 |123456789|
-|---------|
1|.........|
2|.........|
3|.........|
4|.........|
5|.........|
6|.........|
7|.........|
8|.........|
9|.........|
-|---------|
Set/unset mines marks or claim a cell as free:
> 7 7 free

 |123456789|
-|---------|
1|/////////|
2|/////////|
3|/////////|
4|/////////|
5|/////////|
6|111//////|
7|..1//////|
8|111//////|
9|/////////|
-|---------|
Set/unset mines marks or claim a cell as free:
> 1 7 free

 |123456789|
-|---------|
1|/////////|
2|/////////|
3|/////////|
4|/////////|
5|/////////|
6|111//////|
7|1.1//////|
8|111//////|
9|/////////|
-|---------|
Congratulations! You found all the mines!
?[1;31m
Start test 15?[0m
How many mines do you want on the field?
> 1

 |123456789|
-|---------|
1|.........|
2|.........|
3|.........|
4|.........|
5|.........|
6|.........|
7|.........|
8|.........|
9|.........|
-|---------|
Set/unset mines marks or claim a cell as free:
> 2 1 free

 |123456789|
-|---------|
1|/////////|
2|/////////|
3|/////////|
4|/////////|
5|/////////|
6|////111//|
7|////1.1//|
8|////111//|
9|/////////|
-|---------|
Congratulations! You found all the mines!
?[1;31m
Start test 16?[0m
How many mines do you want on the field?
> 1

 |123456789|
-|---------|
1|.........|
2|.........|
3|.........|
4|.........|
5|.........|
6|.........|
7|.........|
8|.........|
9|.........|
-|---------|
Set/unset mines marks or claim a cell as free:
> 2 3 mine

 |123456789|
-|---------|
1|.........|
2|.........|
3|.*.......|
4|.........|
5|.........|
6|.........|
7|.........|
8|.........|
9|.........|
-|---------|
Set/unset mines marks or claim a cell as free:
> 5 4 free

 |123456789|
-|---------|
1|/////////|
2|/////////|
3|/////////|
4|///////11|
5|///////1.|
6|///////11|
7|/////////|
8|/////////|
9|/////////|
-|---------|
Congratulations! You found all the mines!
?[1;31m
Start test 17?[0m
How many mines do you want on the field?
> 1

 |123456789|
-|---------|
1|.........|
2|.........|
3|.........|
4|.........|
5|.........|
6|.........|
7|.........|
8|.........|
9|.........|
-|---------|
Set/unset mines marks or claim a cell as free:
> 8 6 mine

 |123456789|
-|---------|
1|.........|
2|.........|
3|.........|
4|.........|
5|.........|
6|.......*.|
7|.........|
8|.........|
9|.........|
-|---------|
Set/unset mines marks or claim a cell as free:
> 2 1 free

 |123456789|
-|---------|
1|/////////|
2|/////////|
3|/////////|
4|/////////|
5|/////////|
6|/////////|
7|/////////|
8|///111///|
9|///1.1///|
-|---------|
Congratulations! You found all the mines!
?[1;31m
Start test 18?[0m
How many mines do you want on the field?
> 1

 |123456789|
-|---------|
1|.........|
2|.........|
3|.........|
4|.........|
5|.........|
6|.........|
7|.........|
8|.........|
9|.........|
-|---------|
Set/unset mines marks or claim a cell as free:
> 3 5 free

 |123456789|
-|---------|
1|/1.1/////|
2|/111/////|
3|/////////|
4|/////////|
5|/////////|
6|/////////|
7|/////////|
8|/////////|
9|/////////|
-|---------|
Congratulations! You found all the mines!
?[1;31m
Start test 19?[0m
How many mines do you want on the field?
> 1

 |123456789|
-|---------|
1|.........|
2|.........|
3|.........|
4|.........|
5|.........|
6|.........|
7|.........|
8|.........|
9|.........|
-|---------|
Set/unset mines marks or claim a cell as free:
> 6 9 free

 |123456789|
-|---------|
1|.........|
2|.........|
3|.........|
4|.........|
5|.........|
6|.........|
7|.........|
8|.........|
9|.....1...|
-|---------|
Set/unset mines marks or claim a cell as free:
> 6 2 free

 |123456789|
-|---------|
1|/////////|
2|/////////|
3|/////////|
4|/////////|
5|/////////|
6|/////////|
7|/////////|
8|/////111/|
9|/////1.1/|
-|---------|
Congratulations! You found all the mines!
?[1;31m
Start test 20?[0m
How many mines do you want on the field?
> 1

 |123456789|
-|---------|
1|.........|
2|.........|
3|.........|
4|.........|
5|.........|
6|.........|
7|.........|
8|.........|
9|.........|
-|---------|
Set/unset mines marks or claim a cell as free:
> 5 1 free

 |123456789|
-|---------|
1|/////////|
2|/////////|
3|/////////|
4|/////////|
5|/////////|
6|/////////|
7|///111///|
8|///1.1///|
9|///1.1///|
-|---------|
Set/unset mines marks or claim a cell as free:
> 5 8 free

 |123456789|
-|---------|
1|/////////|
2|/////////|
3|/////////|
4|/////////|
5|/////////|
6|/////////|
7|///111///|
8|///1X1///|
9|///111///|
-|---------|
You stepped on a mine and failed
?[1;31m
Start test 21?[0m
How many mines do you want on the field?
> 2

 |123456789|
-|---------|
1|.........|
2|.........|
3|.........|
4|.........|
5|.........|
6|.........|
7|.........|
8|.........|
9|.........|
-|---------|
Set/unset mines marks or claim a cell as free:
> 2 1 free

 |123456789|
-|---------|
1|/////////|
2|/////////|
3|/////////|
4|/////////|
5|//1221///|
6|//1..1///|
7|//1221///|
8|/////////|
9|/////////|
-|---------|
Congratulations! You found all the mines!
?[1;31m
Start test 22?[0m
How many mines do you want on the field?
> 2

 |123456789|
-|---------|
1|.........|
2|.........|
3|.........|
4|.........|
5|.........|
6|.........|
7|.........|
8|.........|
9|.........|
-|---------|
Set/unset mines marks or claim a cell as free:
> 8 5 mine

 |123456789|
-|---------|
1|.........|
2|.........|
3|.........|
4|.........|
5|.......*.|
6|.........|
7|.........|
8|.........|
9|.........|
-|---------|
Set/unset mines marks or claim a cell as free:
> 5 2 free

 |123456789|
-|---------|
1|/////////|
2|/////////|
3|/////////|
4|/////////|
5|/////////|
6|/////////|
7|1221/////|
8|...1/////|
9|...1/////|
-|---------|
Set/unset mines marks or claim a cell as free:
> 1 9 mine

 |123456789|
-|---------|
1|/////////|
2|/////////|
3|/////////|
4|/////////|
5|/////////|
6|/////////|
7|1221/////|
8|...1/////|
9|*..1/////|
-|---------|
Set/unset mines marks or claim a cell as free:
> 3 9 free

 |123456789|
-|---------|
1|/////////|
2|/////////|
3|/////////|
4|/////////|
5|/////////|
6|/////////|
7|1221/////|
8|...1/////|
9|*.21/////|
-|---------|
Set/unset mines marks or claim a cell as free:
> 2 8 mine

 |123456789|
-|---------|
1|/////////|
2|/////////|
3|/////////|
4|/////////|
5|/////////|
6|/////////|
7|1221/////|
8|.*.1/////|
9|*.21/////|
-|---------|
Set/unset mines marks or claim a cell as free:
> 2 9 mine

 |123456789|
-|---------|
1|/////////|
2|/////////|
3|/////////|
4|/////////|
5|/////////|
6|/////////|
7|1221/////|
8|.*.1/////|
9|**21/////|
-|---------|
Set/unset mines marks or claim a cell as free:
> 2 9 mine

 |123456789|
-|---------|
1|/////////|
2|/////////|
3|/////////|
4|/////////|
5|/////////|
6|/////////|
7|1221/////|
8|.*.1/////|
9|*.21/////|
-|---------|
Set/unset mines marks or claim a cell as free:
> 1 9 mine

 |123456789|
-|---------|
1|/////////|
2|/////////|
3|/////////|
4|/////////|
5|/////////|
6|/////////|
7|1221/////|
8|.*.1/////|
9|..21/////|
-|---------|
Set/unset mines marks or claim a cell as free:
> 3 8 mine

 |123456789|
-|---------|
1|/////////|
2|/////////|
3|/////////|
4|/////////|
5|/////////|
6|/////////|
7|1221/////|
8|.**1/////|
9|..21/////|
-|---------|
Congratulations! You found all the mines!
?[1;31m
Start test 23?[0m
How many mines do you want on the field?
> 2

 |123456789|
-|---------|
1|.........|
2|.........|
3|.........|
4|.........|
5|.........|
6|.........|
7|.........|
8|.........|
9|.........|
-|---------|
Set/unset mines marks or claim a cell as free:
> 9 7 free

 |123456789|
-|---------|
1|/////////|
2|//111////|
3|//1.1////|
4|//111////|
5|/////////|
6|/////////|
7|//111////|
8|//1.1////|
9|//1.1////|
-|---------|
Set/unset mines marks or claim a cell as free:
> 4 8 free

 |123456789|
-|---------|
1|/////////|
2|//111////|
3|//1X1////|
4|//111////|
5|/////////|
6|/////////|
7|//111////|
8|//1X1////|
9|//111////|
-|---------|
You stepped on a mine and failed
?[1;31m
Start test 24?[0m
How many mines do you want on the field?
> 2

 |123456789|
-|---------|
1|.........|
2|.........|
3|.........|
4|.........|
5|.........|
6|.........|
7|.........|
8|.........|
9|.........|
-|---------|
Set/unset mines marks or claim a cell as free:
> 6 2 free

 |123456789|
-|---------|
1|.1///////|
2|11///////|
3|/////////|
4|/////////|
5|/////////|
6|/////////|
7|//111////|
8|//1.1////|
9|//1.1////|
-|---------|
Set/unset mines marks or claim a cell as free:
> 4 8 free

 |123456789|
-|---------|
1|X1///////|
2|11///////|
3|/////////|
4|/////////|
5|/////////|
6|/////////|
7|//111////|
8|//1X1////|
9|//111////|
-|---------|
You stepped on a mine and failed
?[1;31m
Start test 25?[0m
How many mines do you want on the field?
> 2

 |123456789|
-|---------|
1|.........|
2|.........|
3|.........|
4|.........|
5|.........|
6|.........|
7|.........|
8|.........|
9|.........|
-|---------|
Set/unset mines marks or claim a cell as free:
> 8 6 free

 |123456789|
-|---------|
1|//1.1////|
2|//1.1////|
3|//111////|
4|/////////|
5|/////////|
6|/////////|
7|/////111/|
8|/////1.1/|
9|/////1.1/|
-|---------|
Set/unset mines marks or claim a cell as free:
> 7 8 mine

 |123456789|
-|---------|
1|//1.1////|
2|//1.1////|
3|//111////|
4|/////////|
5|/////////|
6|/////////|
7|/////111/|
8|/////1*1/|
9|/////1.1/|
-|---------|
Set/unset mines marks or claim a cell as free:
> 7 8 mine

 |123456789|
-|---------|
1|//1.1////|
2|//1.1////|
3|//111////|
4|/////////|
5|/////////|
6|/////////|
7|/////111/|
8|/////1.1/|
9|/////1.1/|
-|---------|
Set/unset mines marks or claim a cell as free:
> 7 9 mine

 |123456789|
-|---------|
1|//1.1////|
2|//1.1////|
3|//111////|
4|/////////|
5|/////////|
6|/////////|
7|/////111/|
8|/////1.1/|
9|/////1*1/|
-|---------|
Set/unset mines marks or claim a cell as free:
> 4 1 free

 |123456789|
-|---------|
1|//111////|
2|//1.1////|
3|//111////|
4|/////////|
5|/////////|
6|/////////|
7|/////111/|
8|/////1.1/|
9|/////1*1/|
-|---------|
Set/unset mines marks or claim a cell as free:
> 7 8 free

 |123456789|
-|---------|
1|//111////|
2|//1X1////|
3|//111////|
4|/////////|
5|/////////|
6|/////////|
7|/////111/|
8|/////1X1/|
9|/////111/|
-|---------|
You stepped on a mine and failed
?[1;31m
Start test 26?[0m
How many mines do you want on the field?
> 2

 |123456789|
-|---------|
1|.........|
2|.........|
3|.........|
4|.........|
5|.........|
6|.........|
7|.........|
8|.........|
9|.........|
-|---------|
Set/unset mines marks or claim a cell as free:
> 3 8 mine

 |123456789|
-|---------|
1|.........|
2|.........|
3|.........|
4|.........|
5|.........|
6|.........|
7|.........|
8|..*......|
9|.........|
-|---------|
Set/unset mines marks or claim a cell as free:
> 9 7 free

 |123456789|
-|---------|
1|////1.1//|
2|////111//|
3|/////////|
4|/////////|
5|/////////|
6|/////////|
7|//111////|
8|//1.1////|
9|//1.1////|
-|---------|
Set/unset mines marks or claim a cell as free:
> 4 8 free

 |123456789|
-|---------|
1|////1X1//|
2|////111//|
3|/////////|
4|/////////|
5|/////////|
6|/////////|
7|//111////|
8|//1X1////|
9|//111////|
-|---------|
You stepped on a mine and failed
?[1;31m
Start test 27?[0m
How many mines do you want on the field?
> 2

 |123456789|
-|---------|
1|.........|
2|.........|
3|.........|
4|.........|
5|.........|
6|.........|
7|.........|
8|.........|
9|.........|
-|---------|
Set/unset mines marks or claim a cell as free:
> 3 2 free

 |123456789|
-|---------|
1|/////////|
2|/////////|
3|/////////|
4|/////111/|
5|////12.1/|
6|////1.21/|
7|////111//|
8|/////////|
9|/////////|
-|---------|
Congratulations! You found all the mines!
?[1;31m
Start test 28?[0m
How many mines do you want on the field?
> 2

 |123456789|
-|---------|
1|.........|
2|.........|
3|.........|
4|.........|
5|.........|
6|.........|
7|.........|
8|.........|
9|.........|
-|---------|
Set/unset mines marks or claim a cell as free:
> 9 8 free

 |123456789|
-|---------|
1|/////////|
2|11///////|
3|.1///////|
4|11///////|
5|/////111/|
6|/////1.1/|
7|/////111/|
8|/////////|
9|/////////|
-|---------|
Congratulations! You found all the mines!
?[1;31m
Start test 29?[0m
How many mines do you want on the field?
> 2

 |123456789|
-|---------|
1|.........|
2|.........|
3|.........|
4|.........|
5|.........|
6|.........|
7|.........|
8|.........|
9|.........|
-|---------|
Set/unset mines marks or claim a cell as free:
> 9 5 mine

 |123456789|
-|---------|
1|.........|
2|.........|
3|.........|
4|.........|
5|........*|
6|.........|
7|.........|
8|.........|
9|.........|
-|---------|
Set/unset mines marks or claim a cell as free:
> 8 2 free

 |123456789|
-|---------|
1|///1.1///|
2|///1.1///|
3|///111///|
4|11///////|
5|.1///////|
6|11///////|
7|/////////|
8|/////////|
9|/////////|
-|---------|
Set/unset mines marks or claim a cell as free:
> 1 5 mine

 |123456789|
-|---------|
1|///1.1///|
2|///1.1///|
3|///111///|
4|11///////|
5|*1///////|
6|11///////|
7|/////////|
8|/////////|
9|/////////|
-|---------|
Set/unset mines marks or claim a cell as free:
> 5 2 mine

 |123456789|
-|---------|
1|///1.1///|
2|///1*1///|
3|///111///|
4|11///////|
5|*1///////|
6|11///////|
7|/////////|
8|/////////|
9|/////////|
-|---------|
Congratulations! You found all the mines!
?[1;31m
Start test 30?[0m
How many mines do you want on the field?
> 2

 |123456789|
-|---------|
1|.........|
2|.........|
3|.........|
4|.........|
5|.........|
6|.........|
7|.........|
8|.........|
9|.........|
-|---------|
Set/unset mines marks or claim a cell as free:
> 8 5 free

 |123456789|
-|---------|
1|//////1..|
2|//////2..|
3|//////1..|
4|//////111|
5|/////////|
6|/////////|
7|/////////|
8|/////////|
9|/////////|
-|---------|
Set/unset mines marks or claim a cell as free:
> 9 2 free

 |123456789|
-|---------|
1|//////1..|
2|//////2.2|
3|//////1..|
4|//////111|
5|/////////|
6|/////////|
7|/////////|
8|/////////|
9|/////////|
-|---------|
Set/unset mines marks or claim a cell as free:
> 8 2 mine

 |123456789|
-|---------|
1|//////1..|
2|//////2*2|
3|//////1..|
4|//////111|
5|/////////|
6|/////////|
7|/////////|
8|/////////|
9|/////////|
-|---------|
Set/unset mines marks or claim a cell as free:
> 9 3 free

 |123456789|
-|---------|
1|//////1..|
2|//////2*2|
3|//////1.1|
4|//////111|
5|/////////|
6|/////////|
7|/////////|
8|/////////|
9|/////////|
-|---------|
Set/unset mines marks or claim a cell as free:
> 8 1 free

 |123456789|
-|---------|
1|//////1X1|
2|//////222|
3|//////1X1|
4|//////111|
5|/////////|
6|/////////|
7|/////////|
8|/////////|
9|/////////|
-|---------|
You stepped on a mine and failed
?[1;31m
Start test 31?[0m
How many mines do you want on the field?
> 2

 |123456789|
-|---------|
1|.........|
2|.........|
3|.........|
4|.........|
5|.........|
6|.........|
7|.........|
8|.........|
9|.........|
-|---------|
Set/unset mines marks or claim a cell as free:
> 4 2 mine

 |123456789|
-|---------|
1|.........|
2|...*.....|
3|.........|
4|.........|
5|.........|
6|.........|
7|.........|
8|.........|
9|.........|
-|---------|
Set/unset mines marks or claim a cell as free:
> 7 2 free

 |123456789|
-|---------|
1|.........|
2|...*..1..|
3|.........|
4|.........|
5|.........|
6|.........|
7|.........|
8|.........|
9|.........|
-|---------|
Set/unset mines marks or claim a cell as free:
> 9 9 free

 |123456789|
-|---------|
1|//////1..|
2|//////1..|
3|//////111|
4|111//////|
5|..1//////|
6|111//////|
7|/////////|
8|/////////|
9|/////////|
-|---------|
Set/unset mines marks or claim a cell as free:
> 2 5 free

 |123456789|
-|---------|
1|//////111|
2|//////1X1|
3|//////111|
4|111//////|
5|1X1//////|
6|111//////|
7|/////////|
8|/////////|
9|/////////|
-|---------|
You stepped on a mine and failed
?[1;31m
Start test 32?[0m
How many mines do you want on the field?
> 2

 |123456789|
-|---------|
1|.........|
2|.........|
3|.........|
4|.........|
5|.........|
6|.........|
7|.........|
8|.........|
9|.........|
-|---------|
Set/unset mines marks or claim a cell as free:
> 9 5 free

 |123456789|
-|---------|
1|/////////|
2|///////11|
3|///////1.|
4|///////11|
5|/////////|
6|//////111|
7|//////1..|
8|//////111|
9|/////////|
-|---------|
Set/unset mines marks or claim a cell as free:
> 9 3 free

 |123456789|
-|---------|
1|/////////|
2|///////11|
3|///////1X|
4|///////11|
5|/////////|
6|//////111|
7|//////1X1|
8|//////111|
9|/////////|
-|---------|
You stepped on a mine and failed
?[1;31m
Start test 33?[0m
How many mines do you want on the field?
> 2

 |123456789|
-|---------|
1|.........|
2|.........|
3|.........|
4|.........|
5|.........|
6|.........|
7|.........|
8|.........|
9|.........|
-|---------|
Set/unset mines marks or claim a cell as free:
> 9 5 free

 |123456789|
-|---------|
1|/////////|
2|/////////|
3|/////////|
4|/////////|
5|/////////|
6|/////////|
7|111////11|
8|..1////1.|
9|..1////1.|
-|---------|
Set/unset mines marks or claim a cell as free:
> 9 8 free

 |123456789|
-|---------|
1|/////////|
2|/////////|
3|/////////|
4|/////////|
5|/////////|
6|/////////|
7|111////11|
8|1X1////1X|
9|111////11|
-|---------|
You stepped on a mine and failed
?[1;31m
Start test 34?[0m
How many mines do you want on the field?
> 2

 |123456789|
-|---------|
1|.........|
2|.........|
3|.........|
4|.........|
5|.........|
6|.........|
7|.........|
8|.........|
9|.........|
-|---------|
Set/unset mines marks or claim a cell as free:
> 4 9 mine

 |123456789|
-|---------|
1|.........|
2|.........|
3|.........|
4|.........|
5|.........|
6|.........|
7|.........|
8|.........|
9|...*.....|
-|---------|
Set/unset mines marks or claim a cell as free:
> 9 6 free

 |123456789|
-|---------|
1|/////////|
2|/////////|
3|/////////|
4|////111//|
5|////1.1//|
6|////111//|
7|/////////|
8|11///////|
9|.1///////|
-|---------|
Congratulations! You found all the mines!
?[1;31m
Start test 35?[0m
How many mines do you want on the field?
> 2

 |123456789|
-|---------|
1|.........|
2|.........|
3|.........|
4|.........|
5|.........|
6|.........|
7|.........|
8|.........|
9|.........|
-|---------|
Set/unset mines marks or claim a cell as free:
> 7 7 mine

 |123456789|
-|---------|
1|.........|
2|.........|
3|.........|
4|.........|
5|.........|
6|.........|
7|......*..|
8|.........|
9|.........|
-|---------|
Set/unset mines marks or claim a cell as free:
> 7 8 free

 |123456789|
-|---------|
1|....1////|
2|....1////|
3|11111////|
4|/////////|
5|/////////|
6|/////////|
7|/////////|
8|/////////|
9|/////////|
-|---------|
Set/unset mines marks or claim a cell as free:
> 2 2 free

 |123456789|
-|---------|
1|....1////|
2|.1..1////|
3|11111////|
4|/////////|
5|/////////|
6|/////////|
7|/////////|
8|/////////|
9|/////////|
-|---------|
Set/unset mines marks or claim a cell as free:
> 3 1 mine

 |123456789|
-|---------|
1|..*.1////|
2|.1..1////|
3|11111////|
4|/////////|
5|/////////|
6|/////////|
7|/////////|
8|/////////|
9|/////////|
-|---------|
Set/unset mines marks or claim a cell as free:
> 1 1 free

 |123456789|
-|---------|
1|1.*.1////|
2|.1..1////|
3|11111////|
4|/////////|
5|/////////|
6|/////////|
7|/////////|
8|/////////|
9|/////////|
-|---------|
Set/unset mines marks or claim a cell as free:
> 4 1 mine

 |123456789|
-|---------|
1|1.**1////|
2|.1..1////|
3|11111////|
4|/////////|
5|/////////|
6|/////////|
7|/////////|
8|/////////|
9|/////////|
-|---------|
Set/unset mines marks or claim a cell as free:
> 1 2 free

 |123456789|
-|---------|
1|11111////|
2|X11X1////|
3|11111////|
4|/////////|
5|/////////|
6|/////////|
7|/////////|
8|/////////|
9|/////////|
-|---------|
You stepped on a mine and failed
?[1;31m
Start test 36?[0m
How many mines do you want on the field?
> 2

 |123456789|
-|---------|
1|.........|
2|.........|
3|.........|
4|.........|
5|.........|
6|.........|
7|.........|
8|.........|
9|.........|
-|---------|
Set/unset mines marks or claim a cell as free:
> 1 9 mine

 |123456789|
-|---------|
1|.........|
2|.........|
3|.........|
4|.........|
5|.........|
6|.........|
7|.........|
8|.........|
9|*........|
-|---------|
Set/unset mines marks or claim a cell as free:
> 7 2 mine

 |123456789|
-|---------|
1|.........|
2|......*..|
3|.........|
4|.........|
5|.........|
6|.........|
7|.........|
8|.........|
9|*........|
-|---------|
Set/unset mines marks or claim a cell as free:
> 1 9 mine

 |123456789|
-|---------|
1|.........|
2|......*..|
3|.........|
4|.........|
5|.........|
6|.........|
7|.........|
8|.........|
9|.........|
-|---------|
Set/unset mines marks or claim a cell as free:
> 1 5 free

 |123456789|
-|---------|
1|//////1..|
2|//////111|
3|/////////|
4|/////////|
5|///111///|
6|///1.1///|
7|///111///|
8|/////////|
9|/////////|
-|---------|
Set/unset mines marks or claim a cell as free:
> 5 6 free

 |123456789|
-|---------|
1|//////1X1|
2|//////111|
3|/////////|
4|/////////|
5|///111///|
6|///1X1///|
7|///111///|
8|/////////|
9|/////////|
-|---------|
You stepped on a mine and failed
?[1;31m
Start test 37?[0m
How many mines do you want on the field?
> 2

 |123456789|
-|---------|
1|.........|
2|.........|
3|.........|
4|.........|
5|.........|
6|.........|
7|.........|
8|.........|
9|.........|
-|---------|
Set/unset mines marks or claim a cell as free:
> 8 9 free

 |123456789|
-|---------|
1|.........|
2|.........|
3|.........|
4|.........|
5|.........|
6|.........|
7|.........|
8|.........|
9|.......1.|
-|---------|
Set/unset mines marks or claim a cell as free:
> 8 3 mine

 |123456789|
-|---------|
1|.........|
2|.........|
3|.......*.|
4|.........|
5|.........|
6|.........|
7|.........|
8|.........|
9|.......1.|
-|---------|
Set/unset mines marks or claim a cell as free:
> 7 4 free

 |123456789|
-|---------|
1|.1///////|
2|.1///////|
3|11///////|
4|/////////|
5|/////////|
6|/////////|
7|/////111/|
8|/////1.1/|
9|/////1.1/|
-|---------|
Set/unset mines marks or claim a cell as free:
> 1 1 mine

 |123456789|
-|---------|
1|*1///////|
2|.1///////|
3|11///////|
4|/////////|
5|/////////|
6|/////////|
7|/////111/|
8|/////1.1/|
9|/////1.1/|
-|---------|
Set/unset mines marks or claim a cell as free:
> 7 9 free

 |123456789|
-|---------|
1|*1///////|
2|.1///////|
3|11///////|
4|/////////|
5|/////////|
6|/////////|
7|/////111/|
8|/////1.1/|
9|/////111/|
-|---------|
Set/unset mines marks or claim a cell as free:
> 7 8 free

 |123456789|
-|---------|
1|11///////|
2|X1///////|
3|11///////|
4|/////////|
5|/////////|
6|/////////|
7|/////111/|
8|/////1X1/|
9|/////111/|
-|---------|
You stepped on a mine and failed
?[1;31m
Start test 38?[0m
How many mines do you want on the field?
> 2

 |123456789|
-|---------|
1|.........|
2|.........|
3|.........|
4|.........|
5|.........|
6|.........|
7|.........|
8|.........|
9|.........|
-|---------|
Set/unset mines marks or claim a cell as free:
> 7 2 free

 |123456789|
-|---------|
1|/////////|
2|/////////|
3|/////////|
4|/////////|
5|/////////|
6|/111/////|
7|/1.1/////|
8|/11211///|
9|///1.1///|
-|---------|
Congratulations! You found all the mines!
?[1;31m
Start test 39?[0m
How many mines do you want on the field?
> 2

 |123456789|
-|---------|
1|.........|
2|.........|
3|.........|
4|.........|
5|.........|
6|.........|
7|.........|
8|.........|
9|.........|
-|---------|
Set/unset mines marks or claim a cell as free:
> 5 1 free

 |123456789|
-|---------|
1|/////////|
2|/////////|
3|/////////|
4|/////111/|
5|/////1.1/|
6|/////111/|
7|///////11|
8|///////1.|
9|///////1.|
-|---------|
Set/unset mines marks or claim a cell as free:
> 9 8 free

 |123456789|
-|---------|
1|/////////|
2|/////////|
3|/////////|
4|/////111/|
5|/////1X1/|
6|/////111/|
7|///////11|
8|///////1X|
9|///////11|
-|---------|
You stepped on a mine and failed
?[1;31m
Start test 40?[0m
How many mines do you want on the field?
> 2

 |123456789|
-|---------|
1|.........|
2|.........|
3|.........|
4|.........|
5|.........|
6|.........|
7|.........|
8|.........|
9|.........|
-|---------|
Set/unset mines marks or claim a cell as free:
> 6 3 mine

 |123456789|
-|---------|
1|.........|
2|.........|
3|.....*...|
4|.........|
5|.........|
6|.........|
7|.........|
8|.........|
9|.........|
-|---------|
Set/unset mines marks or claim a cell as free:
> 3 8 free

 |123456789|
-|---------|
1|.........|
2|.........|
3|.....*...|
4|.........|
5|.........|
6|.........|
7|.........|
8|..1......|
9|.........|
-|---------|
Set/unset mines marks or claim a cell as free:
> 6 8 free

 |123456789|
-|---------|
1|.........|
2|.........|
3|.....*...|
4|.........|
5|.........|
6|.........|
7|.........|
8|..1..1...|
9|.........|
-|---------|
Set/unset mines marks or claim a cell as free:
> 7 4 free

 |123456789|
-|---------|
1|/////////|
2|/////////|
3|/////////|
4|/////////|
5|/////////|
6|//111////|
7|//1.21///|
8|//12.1///|
9|///1.1///|
-|---------|
Set/unset mines marks or claim a cell as free:
> 4 7 mine

 |123456789|
-|---------|
1|/////////|
2|/////////|
3|/////////|
4|/////////|
5|/////////|
6|//111////|
7|//1*21///|
8|//12.1///|
9|///1.1///|
-|---------|
Set/unset mines marks or claim a cell as free:
> 4 7 mine

 |123456789|
-|---------|
1|/////////|
2|/////////|
3|/////////|
4|/////////|
5|/////////|
6|//111////|
7|//1.21///|
8|//12.1///|
9|///1.1///|
-|---------|
Set/unset mines marks or claim a cell as free:
> 5 9 free

 |123456789|
-|---------|
1|/////////|
2|/////////|
3|/////////|
4|/////////|
5|/////////|
6|//111////|
7|//1.21///|
8|//12.1///|
9|///111///|
-|---------|
Congratulations! You found all the mines!
?[1;31m
Start test 41?[0m
How many mines do you want on the field?
> 3

 |123456789|
-|---------|
1|.........|
2|.........|
3|.........|
4|.........|
5|.........|
6|.........|
7|.........|
8|.........|
9|.........|
-|---------|
Set/unset mines marks or claim a cell as free:
> 9 2 free

 |123456789|
-|---------|
1|//1.1////|
2|//1.1////|
3|//111////|
4|/////////|
5|/////111/|
6|/////1.1/|
7|/////111/|
8|////111//|
9|////1.1//|
-|---------|
Set/unset mines marks or claim a cell as free:
> 4 2 free

 |123456789|
-|---------|
1|//111////|
2|//1X1////|
3|//111////|
4|/////////|
5|/////111/|
6|/////1X1/|
7|/////111/|
8|////111//|
9|////1X1//|
-|---------|
You stepped on a mine and failed
?[1;31m
Start test 42?[0m
How many mines do you want on the field?
> 3

 |123456789|
-|---------|
1|.........|
2|.........|
3|.........|
4|.........|
5|.........|
6|.........|
7|.........|
8|.........|
9|.........|
-|---------|
Set/unset mines marks or claim a cell as free:
> 4 4 free

 |123456789|
-|---------|
1|/////////|
2|/////////|
3|/////////|
4|/////////|
5|/111/////|
6|/1.1///11|
7|/111///1.|
8|////1111.|
9|////1....|
-|---------|
Set/unset mines marks or claim a cell as free:
> 8 9 mine

 |123456789|
-|---------|
1|/////////|
2|/////////|
3|/////////|
4|/////////|
5|/111/////|
6|/1.1///11|
7|/111///1.|
8|////1111.|
9|////1..*.|
-|---------|
Set/unset mines marks or claim a cell as free:
> 3 6 free

 |123456789|
-|---------|
1|/////////|
2|/////////|
3|/////////|
4|/////////|
5|/111/////|
6|/1X1///11|
7|/111///1X|
8|////11111|
9|////1X1*.|
-|---------|
You stepped on a mine and failed
?[1;31m
Start test 43?[0m
How many mines do you want on the field?
> 3

 |123456789|
-|---------|
1|.........|
2|.........|
3|.........|
4|.........|
5|.........|
6|.........|
7|.........|
8|.........|
9|.........|
-|---------|
Set/unset mines marks or claim a cell as free:
> 1 8 free

 |123456789|
-|---------|
1|/////1...|
2|/////112.|
3|///////11|
4|/////////|
5|///////11|
6|///////1.|
7|///////11|
8|/////////|
9|/////////|
-|---------|
Set/unset mines marks or claim a cell as free:
> 9 2 mine

 |123456789|
-|---------|
1|/////1...|
2|/////112*|
3|///////11|
4|/////////|
5|///////11|
6|///////1.|
7|///////11|
8|/////////|
9|/////////|
-|---------|
Set/unset mines marks or claim a cell as free:
> 9 6 free

 |123456789|
-|---------|
1|/////1X21|
2|/////112X|
3|///////11|
4|/////////|
5|///////11|
6|///////1X|
7|///////11|
8|/////////|
9|/////////|
-|---------|
You stepped on a mine and failed
?[1;31m
Start test 44?[0m
How many mines do you want on the field?
> 3

 |123456789|
-|---------|
1|.........|
2|.........|
3|.........|
4|.........|
5|.........|
6|.........|
7|.........|
8|.........|
9|.........|
-|---------|
Set/unset mines marks or claim a cell as free:
> 6 5 mine

 |123456789|
-|---------|
1|.........|
2|.........|
3|.........|
4|.........|
5|.....*...|
6|.........|
7|.........|
8|.........|
9|.........|
-|---------|
Set/unset mines marks or claim a cell as free:
> 4 4 free

 |123456789|
-|---------|
1|.........|
2|.........|
3|.........|
4|...1.....|
5|.....*...|
6|.........|
7|.........|
8|.........|
9|.........|
-|---------|
Set/unset mines marks or claim a cell as free:
> 6 5 mine

 |123456789|
-|---------|
1|.........|
2|.........|
3|.........|
4|...1.....|
5|.........|
6|.........|
7|.........|
8|.........|
9|.........|
-|---------|
Set/unset mines marks or claim a cell as free:
> 6 9 free

 |123456789|
-|---------|
1|///1.1///|
2|///11211/|
3|/////1.1/|
4|/111/111/|
5|/1.1/////|
6|/111/////|
7|/////////|
8|/////////|
9|/////////|
-|---------|
Congratulations! You found all the mines!
?[1;31m
Start test 45?[0m
How many mines do you want on the field?
> 3

 |123456789|
-|---------|
1|.........|
2|.........|
3|.........|
4|.........|
5|.........|
6|.........|
7|.........|
8|.........|
9|.........|
-|---------|
Set/unset mines marks or claim a cell as free:
> 4 8 mine

 |123456789|
-|---------|
1|.........|
2|.........|
3|.........|
4|.........|
5|.........|
6|.........|
7|.........|
8|...*.....|
9|.........|
-|---------|
Set/unset mines marks or claim a cell as free:
> 7 7 free

 |123456789|
-|---------|
1|/1.1/////|
2|/1.1/////|
3|/111///11|
4|///////1.|
5|///////11|
6|/////////|
7|/////////|
8|//111////|
9|//1.1////|
-|---------|
Set/unset mines marks or claim a cell as free:
> 3 1 free

 |123456789|
-|---------|
1|/111/////|
2|/1.1/////|
3|/111///11|
4|///////1.|
5|///////11|
6|/////////|
7|/////////|
8|//111////|
9|//1.1////|
-|---------|
Congratulations! You found all the mines!
?[1;31m
Start test 46?[0m
How many mines do you want on the field?
> 3

 |123456789|
-|---------|
1|.........|
2|.........|
3|.........|
4|.........|
5|.........|
6|.........|
7|.........|
8|.........|
9|.........|
-|---------|
Set/unset mines marks or claim a cell as free:
> 2 8 free

 |123456789|
-|---------|
1|/////////|
2|111//////|
3|..1//////|
4|111//111/|
5|/////1.1/|
6|/////111/|
7|/////////|
8|///111///|
9|///1.1///|
-|---------|
Set/unset mines marks or claim a cell as free:
> 1 3 mine

 |123456789|
-|---------|
1|/////////|
2|111//////|
3|*.1//////|
4|111//111/|
5|/////1.1/|
6|/////111/|
7|/////////|
8|///111///|
9|///1.1///|
-|---------|
Set/unset mines marks or claim a cell as free:
> 5 9 free

 |123456789|
-|---------|
1|/////////|
2|111//////|
3|1X1//////|
4|111//111/|
5|/////1X1/|
6|/////111/|
7|/////////|
8|///111///|
9|///1X1///|
-|---------|
You stepped on a mine and failed
?[1;31m
Start test 47?[0m
How many mines do you want on the field?
> 3

 |123456789|
-|---------|
1|.........|
2|.........|
3|.........|
4|.........|
5|.........|
6|.........|
7|.........|
8|.........|
9|.........|
-|---------|
Set/unset mines marks or claim a cell as free:
> 2 5 mine

 |123456789|
-|---------|
1|.........|
2|.........|
3|.........|
4|.........|
5|.*.......|
6|.........|
7|.........|
8|.........|
9|.........|
-|---------|
Set/unset mines marks or claim a cell as free:
> 1 9 free

 |123456789|
-|---------|
1|/////1...|
2|//1111221|
3|//1.1////|
4|//111////|
5|/////////|
6|/////////|
7|/////////|
8|/////////|
9|/////////|
-|---------|
Set/unset mines marks or claim a cell as free:
> 7 1 free

 |123456789|
-|---------|
1|/////1XX1|
2|//1111221|
3|//1X1////|
4|//111////|
5|/////////|
6|/////////|
7|/////////|
8|/////////|
9|/////////|
-|---------|
You stepped on a mine and failed
?[1;31m
Start test 48?[0m
How many mines do you want on the field?
> 3

 |123456789|
-|---------|
1|.........|
2|.........|
3|.........|
4|.........|
5|.........|
6|.........|
7|.........|
8|.........|
9|.........|
-|---------|
Set/unset mines marks or claim a cell as free:
> 6 1 mine

 |123456789|
-|---------|
1|.....*...|
2|.........|
3|.........|
4|.........|
5|.........|
6|.........|
7|.........|
8|.........|
9|.........|
-|---------|
Set/unset mines marks or claim a cell as free:
> 1 1 free

 |123456789|
-|---------|
1|/////////|
2|/////////|
3|///////11|
4|///////1.|
5|///////2.|
6|///////1.|
7|///////11|
8|11///////|
9|.1///////|
-|---------|
Set/unset mines marks or claim a cell as free:
> 9 6 free

 |123456789|
-|---------|
1|/////////|
2|/////////|
3|///////11|
4|///////1X|
5|///////22|
6|///////1X|
7|///////11|
8|11///////|
9|X1///////|
-|---------|
You stepped on a mine and failed
?[1;31m
Start test 49?[0m
How many mines do you want on the field?
> 3

 |123456789|
-|---------|
1|.........|
2|.........|
3|.........|
4|.........|
5|.........|
6|.........|
7|.........|
8|.........|
9|.........|
-|---------|
Set/unset mines marks or claim a cell as free:
> 8 6 free

 |123456789|
-|---------|
1|/////////|
2|//////111|
3|//////1..|
4|//////111|
5|11///////|
6|.1///////|
7|11/111///|
8|///1.1///|
9|///1.1///|
-|---------|
Set/unset mines marks or claim a cell as free:
> 8 3 mine

 |123456789|
-|---------|
1|/////////|
2|//////111|
3|//////1*.|
4|//////111|
5|11///////|
6|.1///////|
7|11/111///|
8|///1.1///|
9|///1.1///|
-|---------|
Set/unset mines marks or claim a cell as free:
> 8 3 mine

 |123456789|
-|---------|
1|/////////|
2|//////111|
3|//////1..|
4|//////111|
5|11///////|
6|.1///////|
7|11/111///|
8|///1.1///|
9|///1.1///|
-|---------|
Set/unset mines marks or claim a cell as free:
> 1 6 free

 |123456789|
-|---------|
1|/////////|
2|//////111|
3|//////1X1|
4|//////111|
5|11///////|
6|X1///////|
7|11/111///|
8|///1X1///|
9|///111///|
-|---------|
You stepped on a mine and failed
?[1;31m
Start test 50?[0m
How many mines do you want on the field?
> 3

 |123456789|
-|---------|
1|.........|
2|.........|
3|.........|
4|.........|
5|.........|
6|.........|
7|.........|
8|.........|
9|.........|
-|---------|
Set/unset mines marks or claim a cell as free:
> 6 7 free

 |123456789|
-|---------|
1|.........|
2|.........|
3|.........|
4|.........|
5|.........|
6|.........|
7|.....1...|
8|.........|
9|.........|
-|---------|
Set/unset mines marks or claim a cell as free:
> 3 8 free

 |123456789|
-|---------|
1|////1.1//|
2|////1.1//|
3|////111//|
4|/////////|
5|///////11|
6|///////1.|
7|////1111.|
8|////1....|
9|////1....|
-|---------|
Set/unset mines marks or claim a cell as free:
> 6 8 mine

 |123456789|
-|---------|
1|////1.1//|
2|////1.1//|
3|////111//|
4|/////////|
5|///////11|
6|///////1.|
7|////1111.|
8|////1*...|
9|////1....|
-|---------|
Set/unset mines marks or claim a cell as free:
> 9 8 free

 |123456789|
-|---------|
1|////1.1//|
2|////1.1//|
3|////111//|
4|/////////|
5|///////11|
6|///////1.|
7|////11111|
8|////1*1//|
9|////1.1//|
-|---------|
Set/unset mines marks or claim a cell as free:
> 6 1 free

 |123456789|
-|---------|
1|////111//|
2|////1.1//|
3|////111//|
4|/////////|
5|///////11|
6|///////1.|
7|////11111|
8|////1*1//|
9|////1.1//|
-|---------|
Set/unset mines marks or claim a cell as free:
> 6 9 mine

 |123456789|
-|---------|
1|////111//|
2|////1.1//|
3|////111//|
4|/////////|
5|///////11|
6|///////1.|
7|////11111|
8|////1*1//|
9|////1*1//|
-|---------|
Set/unset mines marks or claim a cell as free:
> 6 2 free

 |123456789|
-|---------|
1|////111//|
2|////1X1//|
3|////111//|
4|/////////|
5|///////11|
6|///////1X|
7|////11111|
8|////1X1//|
9|////111//|
-|---------|
You stepped on a mine and failed
?[1;31m
Start test 51?[0m
How many mines do you want on the field?
> 3

 |123456789|
-|---------|
1|.........|
2|.........|
3|.........|
4|.........|
5|.........|
6|.........|
7|.........|
8|.........|
9|.........|
-|---------|
Set/unset mines marks or claim a cell as free:
> 9 7 free

 |123456789|
-|---------|
1|///////1.|
2|///111/1.|
3|///1.1/11|
4|///2.2///|
5|///1.1///|
6|///111///|
7|/////////|
8|/////////|
9|/////////|
-|---------|
Set/unset mines marks or claim a cell as free:
> 5 3 free

 |123456789|
-|---------|
1|///////11|
2|///111/1X|
3|///1X1/11|
4|///222///|
5|///1X1///|
6|///111///|
7|/////////|
8|/////////|
9|/////////|
-|---------|
You stepped on a mine and failed
?[1;31m
Start test 52?[0m
How many mines do you want on the field?
> 3

 |123456789|
-|---------|
1|.........|
2|.........|
3|.........|
4|.........|
5|.........|
6|.........|
7|.........|
8|.........|
9|.........|
-|---------|
Set/unset mines marks or claim a cell as free:
> 6 7 free

 |123456789|
-|---------|
1|//1.1////|
2|/12.1////|
3|/1.21////|
4|/111/////|
5|/////////|
6|/////////|
7|/////////|
8|//111////|
9|//1.1////|
-|---------|
Set/unset mines marks or claim a cell as free:
> 4 9 free

 |123456789|
-|---------|
1|//111////|
2|/12X1////|
3|/1X21////|
4|/111/////|
5|/////////|
6|/////////|
7|/////////|
8|//111////|
9|//1X1////|
-|---------|
You stepped on a mine and failed
?[1;31m
Start test 53?[0m
How many mines do you want on the field?
> 3

 |123456789|
-|---------|
1|.........|
2|.........|
3|.........|
4|.........|
5|.........|
6|.........|
7|.........|
8|.........|
9|.........|
-|---------|
Set/unset mines marks or claim a cell as free:
> 1 5 free

 |123456789|
-|---------|
1|/////////|
2|/////////|
3|////111//|
4|////1.1//|
5|/1112.2//|
6|/1....1//|
7|/111111//|
8|/////////|
9|/////////|
-|---------|
Set/unset mines marks or claim a cell as free:
> 4 6 mine

 |123456789|
-|---------|
1|/////////|
2|/////////|
3|////111//|
4|////1.1//|
5|/1112.2//|
6|/1.*..1//|
7|/111111//|
8|/////////|
9|/////////|
-|---------|
Set/unset mines marks or claim a cell as free:
> 6 4 free

 |123456789|
-|---------|
1|/////////|
2|/////////|
3|////111//|
4|////1X1//|
5|/111222//|
6|/1X11X1//|
7|/111111//|
8|/////////|
9|/////////|
-|---------|
You stepped on a mine and failed
?[1;31m
Start test 54?[0m
How many mines do you want on the field?
> 3

 |123456789|
-|---------|
1|.........|
2|.........|
3|.........|
4|.........|
5|.........|
6|.........|
7|.........|
8|.........|
9|.........|
-|---------|
Set/unset mines marks or claim a cell as free:
> 5 2 free

 |123456789|
-|---------|
1|/////////|
2|///////11|
3|///////1.|
4|//////12.|
5|//////1..|
6|//////111|
7|/////////|
8|//////111|
9|//////1..|
-|---------|
Set/unset mines marks or claim a cell as free:
> 8 9 free

 |123456789|
-|---------|
1|/////////|
2|///////11|
3|///////1X|
4|//////122|
5|//////1X1|
6|//////111|
7|/////////|
8|//////111|
9|//////1X1|
-|---------|
You stepped on a mine and failed
?[1;31m
Start test 55?[0m
How many mines do you want on the field?
> 3

 |123456789|
-|---------|
1|.........|
2|.........|
3|.........|
4|.........|
5|.........|
6|.........|
7|.........|
8|.........|
9|.........|
-|---------|
Set/unset mines marks or claim a cell as free:
> 2 2 free

 |123456789|
-|---------|
1|//1......|
2|//1......|
3|//1......|
4|111......|
5|.........|
6|.........|
7|.........|
8|.........|
9|.........|
-|---------|
Set/unset mines marks or claim a cell as free:
> 3 9 mine

 |123456789|
-|---------|
1|//1......|
2|//1......|
3|//1......|
4|111......|
5|.........|
6|.........|
7|.........|
8|.........|
9|..*......|
-|---------|
Set/unset mines marks or claim a cell as free:
> 3 9 mine

 |123456789|
-|---------|
1|//1......|
2|//1......|
3|//1......|
4|111......|
5|.........|
6|.........|
7|.........|
8|.........|
9|.........|
-|---------|
Set/unset mines marks or claim a cell as free:
> 4 3 free

 |123456789|
-|---------|
1|//1......|
2|//1......|
3|//11.....|
4|111......|
5|.........|
6|.........|
7|.........|
8|.........|
9|.........|
-|---------|
Set/unset mines marks or claim a cell as free:
> 9 6 mine

 |123456789|
-|---------|
1|//1......|
2|//1......|
3|//11.....|
4|111......|
5|.........|
6|........*|
7|.........|
8|.........|
9|.........|
-|---------|
Set/unset mines marks or claim a cell as free:
> 8 5 free

 |123456789|
-|---------|
1|//1.1////|
2|//1.1////|
3|//111////|
4|111//////|
5|..1//////|
6|111//////|
7|///111///|
8|///1.1///|
9|///1.1///|
-|---------|
Set/unset mines marks or claim a cell as free:
> 5 9 mine

 |123456789|
-|---------|
1|//1.1////|
2|//1.1////|
3|//111////|
4|111//////|
5|..1//////|
6|111//////|
7|///111///|
8|///1.1///|
9|///1*1///|
-|---------|
Set/unset mines marks or claim a cell as free:
> 1 5 mine

 |123456789|
-|---------|
1|//1.1////|
2|//1.1////|
3|//111////|
4|111//////|
5|*.1//////|
6|111//////|
7|///111///|
8|///1.1///|
9|///1*1///|
-|---------|
Set/unset mines marks or claim a cell as free:
> 5 9 mine

 |123456789|
-|---------|
1|//1.1////|
2|//1.1////|
3|//111////|
4|111//////|
5|*.1//////|
6|111//////|
7|///111///|
8|///1.1///|
9|///1.1///|
-|---------|
Set/unset mines marks or claim a cell as free:
> 5 8 mine

 |123456789|
-|---------|
1|//1.1////|
2|//1.1////|
3|//111////|
4|111//////|
5|*.1//////|
6|111//////|
7|///111///|
8|///1*1///|
9|///1.1///|
-|---------|
Set/unset mines marks or claim a cell as free:
> 4 1 free

 |123456789|
-|---------|
1|//111////|
2|//1.1////|
3|//111////|
4|111//////|
5|*.1//////|
6|111//////|
7|///111///|
8|///1*1///|
9|///1.1///|
-|---------|
Set/unset mines marks or claim a cell as free:
> 5 8 mine

 |123456789|
-|---------|
1|//111////|
2|//1.1////|
3|//111////|
4|111//////|
5|*.1//////|
6|111//////|
7|///111///|
8|///1.1///|
9|///1.1///|
-|---------|
Set/unset mines marks or claim a cell as free:
> 5 9 free

 |123456789|
-|---------|
1|//111////|
2|//1.1////|
3|//111////|
4|111//////|
5|*.1//////|
6|111//////|
7|///111///|
8|///1.1///|
9|///111///|
-|---------|
Set/unset mines marks or claim a cell as free:
> 5 8 free

 |123456789|
-|---------|
1|//111////|
2|//1X1////|
3|//111////|
4|111//////|
5|1X1//////|
6|111//////|
7|///111///|
8|///1X1///|
9|///111///|
-|---------|
You stepped on a mine and failed
?[1;31m
Start test 56?[0m
How many mines do you want on the field?
> 3

 |123456789|
-|---------|
1|.........|
2|.........|
3|.........|
4|.........|
5|.........|
6|.........|
7|.........|
8|.........|
9|.........|
-|---------|
Set/unset mines marks or claim a cell as free:
> 9 2 free

 |123456789|
-|---------|
1|/////////|
2|/////////|
3|/////////|
4|111//////|
5|..21/////|
6|...1/////|
7|...1/////|
8|...1/////|
9|...1/////|
-|---------|
Set/unset mines marks or claim a cell as free:
> 3 6 free

 |123456789|
-|---------|
1|/////////|
2|/////////|
3|/////////|
4|111//////|
5|1X21/////|
6|12X1/////|
7|.111/////|
8|.111/////|
9|.1X1/////|
-|---------|
You stepped on a mine and failed
?[1;31m
Start test 57?[0m
How many mines do you want on the field?
> 3

 |123456789|
-|---------|
1|.........|
2|.........|
3|.........|
4|.........|
5|.........|
6|.........|
7|.........|
8|.........|
9|.........|
-|---------|
Set/unset mines marks or claim a cell as free:
> 8 7 free

 |123456789|
-|---------|
1|/////////|
2|///////11|
3|///////1.|
4|///111/11|
5|///1.1///|
6|11/111///|
7|.1///////|
8|11///////|
9|/////////|
-|---------|
Congratulations! You found all the mines!
?[1;31m
Start test 58?[0m
How many mines do you want on the field?
> 3

 |123456789|
-|---------|
1|.........|
2|.........|
3|.........|
4|.........|
5|.........|
6|.........|
7|.........|
8|.........|
9|.........|
-|---------|
Set/unset mines marks or claim a cell as free:
> 1 8 free

 |123456789|
-|---------|
1|/////1.1/|
2|////1221/|
3|//112.1//|
4|//1.211//|
5|//111////|
6|/////////|
7|/////////|
8|/////////|
9|/////////|
-|---------|
Congratulations! You found all the mines!
?[1;31m
Start test 59?[0m
How many mines do you want on the field?
> 3

 |123456789|
-|---------|
1|.........|
2|.........|
3|.........|
4|.........|
5|.........|
6|.........|
7|.........|
8|.........|
9|.........|
-|---------|
Set/unset mines marks or claim a cell as free:
> 5 9 free

 |123456789|
-|---------|
1|.........|
2|.........|
3|.........|
4|.........|
5|.........|
6|.........|
7|.........|
8|.........|
9|....1....|
-|---------|
Set/unset mines marks or claim a cell as free:
> 1 2 free

 |123456789|
-|---------|
1|/////////|
2|/////////|
3|/////////|
4|/////////|
5|/////////|
6|111//////|
7|..1///111|
8|..211/1..|
9|....1/1..|
-|---------|
Set/unset mines marks or claim a cell as free:
> 1 7 free

 |123456789|
-|---------|
1|/////////|
2|/////////|
3|/////////|
4|/////////|
5|/////////|
6|111//////|
7|1.1///111|
8|..211/1..|
9|....1/1..|
-|---------|
Set/unset mines marks or claim a cell as free:
> 3 9 mine

 |123456789|
-|---------|
1|/////////|
2|/////////|
3|/////////|
4|/////////|
5|/////////|
6|111//////|
7|1.1///111|
8|..211/1..|
9|..*.1/1..|
-|---------|
Set/unset mines marks or claim a cell as free:
> 1 9 free

 |123456789|
-|---------|
1|/////////|
2|/////////|
3|/////////|
4|/////////|
5|/////////|
6|111//////|
7|1.1///111|
8|11211/1..|
9|//1.1/1..|
-|---------|
Set/unset mines marks or claim a cell as free:
> 9 8 free

 |123456789|
-|---------|
1|/////////|
2|/////////|
3|/////////|
4|/////////|
5|/////////|
6|111//////|
7|1.1///111|
8|11211/1.1|
9|//1.1/1..|
-|---------|
Set/unset mines marks or claim a cell as free:
> 2 7 free

 |123456789|
-|---------|
1|/////////|
2|/////////|
3|/////////|
4|/////////|
5|/////////|
6|111//////|
7|1X1///111|
8|11211/1X1|
9|//1X1/111|
-|---------|
You stepped on a mine and failed
?[1;31m
Start test 60?[0m
How many mines do you want on the field?
> 3

 |123456789|
-|---------|
1|.........|
2|.........|
3|.........|
4|.........|
5|.........|
6|.........|
7|.........|
8|.........|
9|.........|
-|---------|
Set/unset mines marks or claim a cell as free:
> 3 1 free

 |123456789|
-|---------|
1|/////////|
2|11///////|
3|.1///////|
4|11///////|
5|///111///|
6|1111.1///|
7|..1111///|
8|111//////|
9|/////////|
-|---------|
Set/unset mines marks or claim a cell as free:
> 5 6 free

 |123456789|
-|---------|
1|/////////|
2|11///////|
3|X1///////|
4|11///////|
5|///111///|
6|1111X1///|
7|1X1111///|
8|111//////|
9|/////////|
-|---------|
You stepped on a mine and failed
?[1;31m
Start test 61?[0m
How many mines do you want on the field?
> 4

 |123456789|
-|---------|
1|.........|
2|.........|
3|.........|
4|.........|
5|.........|
6|.........|
7|.........|
8|.........|
9|.........|
-|---------|
Set/unset mines marks or claim a cell as free:
> 5 2 mine

 |123456789|
-|---------|
1|.........|
2|....*....|
3|.........|
4|.........|
5|.........|
6|.........|
7|.........|
8|.........|
9|.........|
-|---------|
Set/unset mines marks or claim a cell as free:
> 9 6 free

 |123456789|
-|---------|
1|.........|
2|....*....|
3|.........|
4|.........|
5|.........|
6|........1|
7|.........|
8|.........|
9|.........|
-|---------|
Set/unset mines marks or claim a cell as free:
> 8 2 free

 |123456789|
-|---------|
1|/////////|
2|/111/////|
3|/1.1/////|
4|/11111211|
5|////1....|
6|////11211|
7|/////////|
8|///111///|
9|///1.1///|
-|---------|
Set/unset mines marks or claim a cell as free:
> 7 5 free

 |123456789|
-|---------|
1|/////////|
2|/111/////|
3|/1.1/////|
4|/11111211|
5|////1.2..|
6|////11211|
7|/////////|
8|///111///|
9|///1.1///|
-|---------|
Set/unset mines marks or claim a cell as free:
> 8 5 free

 |123456789|
-|---------|
1|/////////|
2|/111/////|
3|/1X1/////|
4|/11111211|
5|////1X2X1|
6|////11211|
7|/////////|
8|///111///|
9|///1X1///|
-|---------|
You stepped on a mine and failed
?[1;31m
Start test 62?[0m
How many mines do you want on the field?
> 4

 |123456789|
-|---------|
1|.........|
2|.........|
3|.........|
4|.........|
5|.........|
6|.........|
7|.........|
8|.........|
9|.........|
-|---------|
Set/unset mines marks or claim a cell as free:
> 6 3 mine

 |123456789|
-|---------|
1|.........|
2|.........|
3|.....*...|
4|.........|
5|.........|
6|.........|
7|.........|
8|.........|
9|.........|
-|---------|
Set/unset mines marks or claim a cell as free:
> 7 7 mine

 |123456789|
-|---------|
1|.........|
2|.........|
3|.....*...|
4|.........|
5|.........|
6|.........|
7|......*..|
8|.........|
9|.........|
-|---------|
Set/unset mines marks or claim a cell as free:
> 6 3 mine

 |123456789|
-|---------|
1|.........|
2|.........|
3|.........|
4|.........|
5|.........|
6|.........|
7|......*..|
8|.........|
9|.........|
-|---------|
Set/unset mines marks or claim a cell as free:
> 9 8 mine

 |123456789|
-|---------|
1|.........|
2|.........|
3|.........|
4|.........|
5|.........|
6|.........|
7|......*..|
8|........*|
9|.........|
-|---------|
Set/unset mines marks or claim a cell as free:
> 9 8 mine

 |123456789|
-|---------|
1|.........|
2|.........|
3|.........|
4|.........|
5|.........|
6|.........|
7|......*..|
8|.........|
9|.........|
-|---------|
Set/unset mines marks or claim a cell as free:
> 4 2 free

 |123456789|
-|---------|
1|.........|
2|...1.....|
3|.........|
4|.........|
5|.........|
6|.........|
7|......*..|
8|.........|
9|.........|
-|---------|
Set/unset mines marks or claim a cell as free:
> 1 8 free

 |123456789|
-|---------|
1|.........|
2|...1.....|
3|.........|
4|.........|
5|.........|
6|.........|
7|......*..|
8|1........|
9|.........|
-|---------|
Set/unset mines marks or claim a cell as free:
> 9 9 mine

 |123456789|
-|---------|
1|.........|
2|...1.....|
3|.........|
4|.........|
5|.........|
6|.........|
7|......*..|
8|1........|
9|........*|
-|---------|
Set/unset mines marks or claim a cell as free:
> 3 4 mine

 |123456789|
-|---------|
1|.........|
2|...1.....|
3|.........|
4|..*......|
5|.........|
6|.........|
7|......*..|
8|1........|
9|........*|
-|---------|
Set/unset mines marks or claim a cell as free:
> 5 4 free

 |123456789|
-|---------|
1|.........|
2|...1.....|
3|.........|
4|..*.1....|
5|.........|
6|.........|
7|......*..|
8|1........|
9|........*|
-|---------|
Set/unset mines marks or claim a cell as free:
> 8 3 free

 |123456789|
-|---------|
1|/////////|
2|///111///|
3|///1.1///|
4|///111///|
5|///1.1///|
6|///1.1///|
7|111111/11|
8|1.1////1.|
9|..1////1*|
-|---------|
Set/unset mines marks or claim a cell as free:
> 1 9 mine

 |123456789|
-|---------|
1|/////////|
2|///111///|
3|///1.1///|
4|///111///|
5|///1.1///|
6|///1.1///|
7|111111/11|
8|1.1////1.|
9|*.1////1*|
-|---------|
Set/unset mines marks or claim a cell as free:
> 2 8 free

 |123456789|
-|---------|
1|/////////|
2|///111///|
3|///1X1///|
4|///111///|
5|///111///|
6|///1X1///|
7|111111/11|
8|1X1////1X|
9|111////11|
-|---------|
You stepped on a mine and failed
?[1;31m
Start test 63?[0m
How many mines do you want on the field?
> 4

 |123456789|
-|---------|
1|.........|
2|.........|
3|.........|
4|.........|
5|.........|
6|.........|
7|.........|
8|.........|
9|.........|
-|---------|
Set/unset mines marks or claim a cell as free:
> 8 8 free

 |123456789|
-|---------|
1|.........|
2|.........|
3|.........|
4|.........|
5|.........|
6|.........|
7|.........|
8|.......2.|
9|.........|
-|---------|
Set/unset mines marks or claim a cell as free:
> 9 8 free

 |123456789|
-|---------|
1|.........|
2|.........|
3|.........|
4|.........|
5|.........|
6|.........|
7|.........|
8|.......21|
9|.........|
-|---------|
Set/unset mines marks or claim a cell as free:
> 8 1 free

 |123456789|
-|---------|
1|/////////|
2|/////////|
3|///111///|
4|///1.1///|
5|///111///|
6|///////11|
7|11///112.|
8|.1///1.21|
9|.1///1...|
-|---------|
Set/unset mines marks or claim a cell as free:
> 9 7 mine

 |123456789|
-|---------|
1|/////////|
2|/////////|
3|///111///|
4|///1.1///|
5|///111///|
6|///////11|
7|11///112*|
8|.1///1.21|
9|.1///1...|
-|---------|
Set/unset mines marks or claim a cell as free:
> 5 4 free

 |123456789|
-|---------|
1|/////////|
2|/////////|
3|///111///|
4|///1X1///|
5|///111///|
6|///////11|
7|11///112X|
8|X1///1X21|
9|11///111.|
-|---------|
You stepped on a mine and failed
?[1;31m
Start test 64?[0m
How many mines do you want on the field?
> 4

 |123456789|
-|---------|
1|.........|
2|.........|
3|.........|
4|.........|
5|.........|
6|.........|
7|.........|
8|.........|
9|.........|
-|---------|
Set/unset mines marks or claim a cell as free:
> 1 6 free

 |123456789|
-|---------|
1|.........|
2|.........|
3|.........|
4|.........|
5|.........|
6|1........|
7|.........|
8|.........|
9|.........|
-|---------|
Set/unset mines marks or claim a cell as free:
> 8 5 free

 |123456789|
-|---------|
1|/////////|
2|/////////|
3|/////////|
4|/////////|
5|/////////|
6|11/////11|
7|.1/////1.|
8|.2//1111.|
9|.1//1....|
-|---------|
Set/unset mines marks or claim a cell as free:
> 9 7 free

 |123456789|
-|---------|
1|/////////|
2|/////////|
3|/////////|
4|/////////|
5|/////////|
6|11/////11|
7|X1/////1X|
8|22//11111|
9|X1//1X1..|
-|---------|
You stepped on a mine and failed
?[1;31m
Start test 65?[0m
How many mines do you want on the field?
> 4

 |123456789|
-|---------|
1|.........|
2|.........|
3|.........|
4|.........|
5|.........|
6|.........|
7|.........|
8|.........|
9|.........|
-|---------|
Set/unset mines marks or claim a cell as free:
> 2 6 mine

 |123456789|
-|---------|
1|.........|
2|.........|
3|.........|
4|.........|
5|.........|
6|.*.......|
7|.........|
8|.........|
9|.........|
-|---------|
Set/unset mines marks or claim a cell as free:
> 2 6 mine

 |123456789|
-|---------|
1|.........|
2|.........|
3|.........|
4|.........|
5|.........|
6|.........|
7|.........|
8|.........|
9|.........|
-|---------|
Set/unset mines marks or claim a cell as free:
> 1 1 free

 |123456789|
-|---------|
1|1........|
2|.........|
3|.........|
4|.........|
5|.........|
6|.........|
7|.........|
8|.........|
9|.........|
-|---------|
Set/unset mines marks or claim a cell as free:
> 7 3 free

 |123456789|
-|---------|
1|1.1//////|
2|..1//////|
3|111111///|
4|///1.1///|
5|11/111///|
6|.1/////11|
7|11/////1.|
8|///////11|
9|/////////|
-|---------|
Set/unset mines marks or claim a cell as free:
> 2 1 free

 |123456789|
-|---------|
1|111//////|
2|..1//////|
3|111111///|
4|///1.1///|
5|11/111///|
6|.1/////11|
7|11/////1.|
8|///////11|
9|/////////|
-|---------|
Set/unset mines marks or claim a cell as free:
> 1 2 free

 |123456789|
-|---------|
1|111//////|
2|1.1//////|
3|111111///|
4|///1.1///|
5|11/111///|
6|.1/////11|
7|11/////1.|
8|///////11|
9|/////////|
-|---------|
Congratulations! You found all the mines!
?[1;31m
Start test 66?[0m
How many mines do you want on the field?
> 4

 |123456789|
-|---------|
1|.........|
2|.........|
3|.........|
4|.........|
5|.........|
6|.........|
7|.........|
8|.........|
9|.........|
-|---------|
Set/unset mines marks or claim a cell as free:
> 7 2 free

 |123456789|
-|---------|
1|/////////|
2|/////////|
3|/////////|
4|//111//11|
5|//1.1112.|
6|//1111...|
7|/////1...|
8|/////1...|
9|/////1...|
-|---------|
Set/unset mines marks or claim a cell as free:
> 9 7 mine

 |123456789|
-|---------|
1|/////////|
2|/////////|
3|/////////|
4|//111//11|
5|//1.1112.|
6|//1111...|
7|/////1..*|
8|/////1...|
9|/////1...|
-|---------|
Set/unset mines marks or claim a cell as free:
> 8 6 free

 |123456789|
-|---------|
1|/////////|
2|/////////|
3|/////////|
4|//111//11|
5|//1.1112.|
6|//1111.2.|
7|/////1..*|
8|/////1...|
9|/////1...|
-|---------|
Set/unset mines marks or claim a cell as free:
> 7 8 free

 |123456789|
-|---------|
1|/////////|
2|/////////|
3|/////////|
4|//111//11|
5|//1.1112.|
6|//1111.2.|
7|/////1..*|
8|/////11..|
9|/////1...|
-|---------|
Set/unset mines marks or claim a cell as free:
> 8 7 free

 |123456789|
-|---------|
1|/////////|
2|/////////|
3|/////////|
4|//111//11|
5|//1.1112.|
6|//1111.2.|
7|/////1.1*|
8|/////11..|
9|/////1...|
-|---------|
Set/unset mines marks or claim a cell as free:
> 9 7 mine

 |123456789|
-|---------|
1|/////////|
2|/////////|
3|/////////|
4|//111//11|
5|//1.1112.|
6|//1111.2.|
7|/////1.1.|
8|/////11..|
9|/////1...|
-|---------|
Set/unset mines marks or claim a cell as free:
> 7 6 free

 |123456789|
-|---------|
1|/////////|
2|/////////|
3|/////////|
4|//111//11|
5|//1X1112X|
6|//1111X21|
7|/////111.|
8|/////111.|
9|/////1X1.|
-|---------|
You stepped on a mine and failed
?[1;31m
Start test 67?[0m
How many mines do you want on the field?
> 4

 |123456789|
-|---------|
1|.........|
2|.........|
3|.........|
4|.........|
5|.........|
6|.........|
7|.........|
8|.........|
9|.........|
-|---------|
Set/unset mines marks or claim a cell as free:
> 5 9 free

 |123456789|
-|---------|
1|/////////|
2|////111//|
3|////1.1//|
4|///1221//|
5|///1.1///|
6|111111///|
7|..1//////|
8|..21/////|
9|...1/////|
-|---------|
Set/unset mines marks or claim a cell as free:
> 3 9 mine

 |123456789|
-|---------|
1|/////////|
2|////111//|
3|////1.1//|
4|///1221//|
5|///1.1///|
6|111111///|
7|..1//////|
8|..21/////|
9|..*1/////|
-|---------|
Set/unset mines marks or claim a cell as free:
> 1 7 free

 |123456789|
-|---------|
1|/////////|
2|////111//|
3|////1.1//|
4|///1221//|
5|///1.1///|
6|111111///|
7|1.1//////|
8|..21/////|
9|..*1/////|
-|---------|
Set/unset mines marks or claim a cell as free:
> 3 9 mine

 |123456789|
-|---------|
1|/////////|
2|////111//|
3|////1.1//|
4|///1221//|
5|///1.1///|
6|111111///|
7|1.1//////|
8|..21/////|
9|...1/////|
-|---------|
Set/unset mines marks or claim a cell as free:
> 6 3 free

 |123456789|
-|---------|
1|/////////|
2|////111//|
3|////1X1//|
4|///1221//|
5|///1X1///|
6|111111///|
7|1X1//////|
8|1221/////|
9|.1X1/////|
-|---------|
You stepped on a mine and failed
?[1;31m
Start test 68?[0m
How many mines do you want on the field?
> 4

 |123456789|
-|---------|
1|.........|
2|.........|
3|.........|
4|.........|
5|.........|
6|.........|
7|.........|
8|.........|
9|.........|
-|---------|
Set/unset mines marks or claim a cell as free:
> 4 4 free

 |123456789|
-|---------|
1|/////1...|
2|/////1.21|
3|/////111/|
4|/////////|
5|////111//|
6|////1.1//|
7|111/111//|
8|..1//////|
9|..1//////|
-|---------|
Set/unset mines marks or claim a cell as free:
> 6 6 free

 |123456789|
-|---------|
1|/////112X|
2|/////1X21|
3|/////111/|
4|/////////|
5|////111//|
6|////1X1//|
7|111/111//|
8|1X1//////|
9|111//////|
-|---------|
You stepped on a mine and failed
?[1;31m
Start test 69?[0m
How many mines do you want on the field?
> 4

 |123456789|
-|---------|
1|.........|
2|.........|
3|.........|
4|.........|
5|.........|
6|.........|
7|.........|
8|.........|
9|.........|
-|---------|
Set/unset mines marks or claim a cell as free:
> 7 7 free

 |123456789|
-|---------|
1|.........|
2|.........|
3|.........|
4|.........|
5|.........|
6|.........|
7|......2..|
8|.........|
9|.........|
-|---------|
Set/unset mines marks or claim a cell as free:
> 2 9 free

 |123456789|
-|---------|
1|/////////|
2|/////////|
3|11///////|
4|.1///////|
5|11/////11|
6|///////1.|
7|////1122.|
8|////1....|
9|////1....|
-|---------|
Set/unset mines marks or claim a cell as free:
> 8 8 free

 |123456789|
-|---------|
1|/////////|
2|/////////|
3|11///////|
4|X1///////|
5|11/////11|
6|///////1X|
7|////11222|
8|////1X2X1|
9|////11211|
-|---------|
You stepped on a mine and failed
?[1;31m
Start test 70?[0m
How many mines do you want on the field?
> 4

 |123456789|
-|---------|
1|.........|
2|.........|
3|.........|
4|.........|
5|.........|
6|.........|
7|.........|
8|.........|
9|.........|
-|---------|
Set/unset mines marks or claim a cell as free:
> 5 1 mine

 |123456789|
-|---------|
1|....*....|
2|.........|
3|.........|
4|.........|
5|.........|
6|.........|
7|.........|
8|.........|
9|.........|
-|---------|
Set/unset mines marks or claim a cell as free:
> 6 2 mine

 |123456789|
-|---------|
1|....*....|
2|.....*...|
3|.........|
4|.........|
5|.........|
6|.........|
7|.........|
8|.........|
9|.........|
-|---------|
Set/unset mines marks or claim a cell as free:
> 9 3 free

 |123456789|
-|---------|
1|/////////|
2|11/111///|
3|.1/1.1///|
4|.1/111///|
5|.11//////|
6|..1//////|
7|111///111|
8|//////1..|
9|//////1..|
-|---------|
Set/unset mines marks or claim a cell as free:
> 9 8 free

 |123456789|
-|---------|
1|/////////|
2|11/111///|
3|.1/1.1///|
4|.1/111///|
5|.11//////|
6|..1//////|
7|111///111|
8|//////1.1|
9|//////1..|
-|---------|
Set/unset mines marks or claim a cell as free:
> 9 9 mine

 |123456789|
-|---------|
1|/////////|
2|11/111///|
3|.1/1.1///|
4|.1/111///|
5|.11//////|
6|..1//////|
7|111///111|
8|//////1.1|
9|//////1.*|
-|---------|
Set/unset mines marks or claim a cell as free:
> 1 4 free

 |123456789|
-|---------|
1|/////////|
2|11/111///|
3|.1/1.1///|
4|11/111///|
5|.11//////|
6|..1//////|
7|111///111|
8|//////1.1|
9|//////1.*|
-|---------|
Set/unset mines marks or claim a cell as free:
> 9 9 mine

 |123456789|
-|---------|
1|/////////|
2|11/111///|
3|.1/1.1///|
4|11/111///|
5|.11//////|
6|..1//////|
7|111///111|
8|//////1.1|
9|//////1..|
-|---------|
Set/unset mines marks or claim a cell as free:
> 1 5 free

 |123456789|
-|---------|
1|/////////|
2|11/111///|
3|.1/1.1///|
4|11/111///|
5|111//////|
6|..1//////|
7|111///111|
8|//////1.1|
9|//////1..|
-|---------|
Set/unset mines marks or claim a cell as free:
> 1 3 mine

 |123456789|
-|---------|
1|/////////|
2|11/111///|
3|*1/1.1///|
4|11/111///|
5|111//////|
6|..1//////|
7|111///111|
8|//////1.1|
9|//////1..|
-|---------|
Set/unset mines marks or claim a cell as free:
> 5 3 mine

 |123456789|
-|---------|
1|/////////|
2|11/111///|
3|*1/1*1///|
4|11/111///|
5|111//////|
6|..1//////|
7|111///111|
8|//////1.1|
9|//////1..|
-|---------|
Set/unset mines marks or claim a cell as free:
> 1 3 mine

 |123456789|
-|---------|
1|/////////|
2|11/111///|
3|.1/1*1///|
4|11/111///|
5|111//////|
6|..1//////|
7|111///111|
8|//////1.1|
9|//////1..|
-|---------|
Set/unset mines marks or claim a cell as free:
> 9 9 free

 |123456789|
-|---------|
1|/////////|
2|11/111///|
3|.1/1*1///|
4|11/111///|
5|111//////|
6|..1//////|
7|111///111|
8|//////1.1|
9|//////1.1|
-|---------|
Set/unset mines marks or claim a cell as free:
> 5 3 mine

 |123456789|
-|---------|
1|/////////|
2|11/111///|
3|.1/1.1///|
4|11/111///|
5|111//////|
6|..1//////|
7|111///111|
8|//////1.1|
9|//////1.1|
-|---------|
Set/unset mines marks or claim a cell as free:
> 2 6 free

 |123456789|
-|---------|
1|/////////|
2|11/111///|
3|X1/1X1///|
4|11/111///|
5|111//////|
6|1X1//////|
7|111///111|
8|//////1X1|
9|//////111|
-|---------|
You stepped on a mine and failed
?[1;31m
Start test 71?[0m
How many mines do you want on the field?
> 4

 |123456789|
-|---------|
1|.........|
2|.........|
3|.........|
4|.........|
5|.........|
6|.........|
7|.........|
8|.........|
9|.........|
-|---------|
Set/unset mines marks or claim a cell as free:
> 3 7 free

 |123456789|
-|---------|
1|/////1.1/|
2|/////111/|
3|/////////|
4|/////////|
5|/////////|
6|/////////|
7|11///////|
8|.1///1221|
9|.1///1...|
-|---------|
Set/unset mines marks or claim a cell as free:
> 7 9 free

 |123456789|
-|---------|
1|/////1X1/|
2|/////111/|
3|/////////|
4|/////////|
5|/////////|
6|/////////|
7|11///////|
8|X1///1221|
9|11///1XX1|
-|---------|
You stepped on a mine and failed
?[1;31m
Start test 72?[0m
How many mines do you want on the field?
> 4

 |123456789|
-|---------|
1|.........|
2|.........|
3|.........|
4|.........|
5|.........|
6|.........|
7|.........|
8|.........|
9|.........|
-|---------|
Set/unset mines marks or claim a cell as free:
> 9 5 free

 |123456789|
-|---------|
1|///1...1/|
2|///112.1/|
3|/////111/|
4|/////////|
5|/////////|
6|11///////|
7|.1///////|
8|.21//////|
9|..1//////|
-|---------|
Set/unset mines marks or claim a cell as free:
> 7 1 mine

 |123456789|
-|---------|
1|///1..*1/|
2|///112.1/|
3|/////111/|
4|/////////|
5|/////////|
6|11///////|
7|.1///////|
8|.21//////|
9|..1//////|
-|---------|
Set/unset mines marks or claim a cell as free:
> 7 2 free

 |123456789|
-|---------|
1|///1X211/|
2|///112X1/|
3|/////111/|
4|/////////|
5|/////////|
6|11///////|
7|X1///////|
8|221//////|
9|1X1//////|
-|---------|
You stepped on a mine and failed
?[1;31m
Start test 73?[0m
How many mines do you want on the field?
> 4

 |123456789|
-|---------|
1|.........|
2|.........|
3|.........|
4|.........|
5|.........|
6|.........|
7|.........|
8|.........|
9|.........|
-|---------|
Set/unset mines marks or claim a cell as free:
> 4 9 mine

 |123456789|
-|---------|
1|.........|
2|.........|
3|.........|
4|.........|
5|.........|
6|.........|
7|.........|
8|.........|
9|...*.....|
-|---------|
Set/unset mines marks or claim a cell as free:
> 6 9 free

 |123456789|
-|---------|
1|.........|
2|.........|
3|.........|
4|.........|
5|.........|
6|.........|
7|.........|
8|.........|
9|...*.1...|
-|---------|
Set/unset mines marks or claim a cell as free:
> 1 2 free

 |123456789|
-|---------|
1|//1.1////|
2|//111////|
3|/////////|
4|/////////|
5|/////////|
6|//1221///|
7|//1..211/|
8|//1222.1/|
9|/////1.1/|
-|---------|
Set/unset mines marks or claim a cell as free:
> 7 9 free

 |123456789|
-|---------|
1|//1.1////|
2|//111////|
3|/////////|
4|/////////|
5|/////////|
6|//1221///|
7|//1..211/|
8|//1222.1/|
9|/////111/|
-|---------|
Congratulations! You found all the mines!
?[1;31m
Start test 74?[0m
How many mines do you want on the field?
> 4

 |123456789|
-|---------|
1|.........|
2|.........|
3|.........|
4|.........|
5|.........|
6|.........|
7|.........|
8|.........|
9|.........|
-|---------|
Set/unset mines marks or claim a cell as free:
> 1 3 free

 |123456789|
-|---------|
1|///1.1///|
2|///111///|
3|/////////|
4|/////////|
5|/111/////|
6|/1.1/////|
7|/111/////|
8|//111111/|
9|//1....1/|
-|---------|
Set/unset mines marks or claim a cell as free:
> 5 1 free

 |123456789|
-|---------|
1|///1X1///|
2|///111///|
3|/////////|
4|/////////|
5|/111/////|
6|/1X1/////|
7|/111/////|
8|//111111/|
9|//1X11X1/|
-|---------|
You stepped on a mine and failed
?[1;31m
Start test 75?[0m
How many mines do you want on the field?
> 4

 |123456789|
-|---------|
1|.........|
2|.........|
3|.........|
4|.........|
5|.........|
6|.........|
7|.........|
8|.........|
9|.........|
-|---------|
Set/unset mines marks or claim a cell as free:
> 1 2 free

 |123456789|
-|---------|
1|.........|
2|1........|
3|.........|
4|.........|
5|.........|
6|.........|
7|.........|
8|.........|
9|.........|
-|---------|
Set/unset mines marks or claim a cell as free:
> 7 6 free

 |123456789|
-|---------|
1|.........|
2|1........|
3|.........|
4|.........|
5|.........|
6|......1..|
7|.........|
8|.........|
9|.........|
-|---------|
Set/unset mines marks or claim a cell as free:
> 4 5 mine

 |123456789|
-|---------|
1|.........|
2|1........|
3|.........|
4|.........|
5|...*.....|
6|......1..|
7|.........|
8|.........|
9|.........|
-|---------|
Set/unset mines marks or claim a cell as free:
> 2 9 mine

 |123456789|
-|---------|
1|.........|
2|1........|
3|.........|
4|.........|
5|...*.....|
6|......1..|
7|.........|
8|.........|
9|.*.......|
-|---------|
Set/unset mines marks or claim a cell as free:
> 4 5 mine

 |123456789|
-|---------|
1|.........|
2|1........|
3|.........|
4|.........|
5|.........|
6|......1..|
7|.........|
8|.........|
9|.*.......|
-|---------|
Set/unset mines marks or claim a cell as free:
> 5 1 free

 |123456789|
-|---------|
1|..1//////|
2|1.1//////|
3|111//////|
4|////111//|
5|////1.1//|
6|////1.111|
7|////1....|
8|////1....|
9|////1....|
-|---------|
Set/unset mines marks or claim a cell as free:
> 8 7 free

 |123456789|
-|---------|
1|..1//////|
2|1.1//////|
3|111//////|
4|////111//|
5|////1.1//|
6|////1.111|
7|////1..1.|
8|////1....|
9|////1....|
-|---------|
Set/unset mines marks or claim a cell as free:
> 8 8 free

 |123456789|
-|---------|
1|..1//////|
2|1.1//////|
3|111//////|
4|////111//|
5|////1.1//|
6|////1.111|
7|////1..1.|
8|////1..1.|
9|////1....|
-|---------|
Set/unset mines marks or claim a cell as free:
> 9 7 mine

 |123456789|
-|---------|
1|..1//////|
2|1.1//////|
3|111//////|
4|////111//|
5|////1.1//|
6|////1.111|
7|////1..1*|
8|////1..1.|
9|////1....|
-|---------|
Set/unset mines marks or claim a cell as free:
> 6 8 free

 |123456789|
-|---------|
1|111//////|
2|1X1//////|
3|111//////|
4|////111//|
5|////1X1//|
6|////11111|
7|////1111X|
8|////1X111|
9|////111..|
-|---------|
You stepped on a mine and failed
?[1;31m
Start test 76?[0m
How many mines do you want on the field?
> 4

 |123456789|
-|---------|
1|.........|
2|.........|
3|.........|
4|.........|
5|.........|
6|.........|
7|.........|
8|.........|
9|.........|
-|---------|
Set/unset mines marks or claim a cell as free:
> 8 4 mine

 |123456789|
-|---------|
1|.........|
2|.........|
3|.........|
4|.......*.|
5|.........|
6|.........|
7|.........|
8|.........|
9|.........|
-|---------|
Set/unset mines marks or claim a cell as free:
> 6 2 mine

 |123456789|
-|---------|
1|.........|
2|.....*...|
3|.........|
4|.......*.|
5|.........|
6|.........|
7|.........|
8|.........|
9|.........|
-|---------|
Set/unset mines marks or claim a cell as free:
> 6 2 mine

 |123456789|
-|---------|
1|.........|
2|.........|
3|.........|
4|.......*.|
5|.........|
6|.........|
7|.........|
8|.........|
9|.........|
-|---------|
Set/unset mines marks or claim a cell as free:
> 8 4 mine

 |123456789|
-|---------|
1|.........|
2|.........|
3|.........|
4|.........|
5|.........|
6|.........|
7|.........|
8|.........|
9|.........|
-|---------|
Set/unset mines marks or claim a cell as free:
> 2 1 free

 |123456789|
-|---------|
1|/////////|
2|/////////|
3|11///////|
4|.1///////|
5|11///////|
6|//111111/|
7|//1....21|
8|//111112.|
9|///////1.|
-|---------|
Set/unset mines marks or claim a cell as free:
> 5 7 mine

 |123456789|
-|---------|
1|/////////|
2|/////////|
3|11///////|
4|.1///////|
5|11///////|
6|//111111/|
7|//1.*..21|
8|//111112.|
9|///////1.|
-|---------|
Set/unset mines marks or claim a cell as free:
> 6 7 free

 |123456789|
-|---------|
1|/////////|
2|/////////|
3|11///////|
4|.1///////|
5|11///////|
6|//111111/|
7|//1.*1.21|
8|//111112.|
9|///////1.|
-|---------|
Set/unset mines marks or claim a cell as free:
> 5 7 mine

 |123456789|
-|---------|
1|/////////|
2|/////////|
3|11///////|
4|.1///////|
5|11///////|
6|//111111/|
7|//1..1.21|
8|//111112.|
9|///////1.|
-|---------|
Set/unset mines marks or claim a cell as free:
> 1 4 mine

 |123456789|
-|---------|
1|/////////|
2|/////////|
3|11///////|
4|*1///////|
5|11///////|
6|//111111/|
7|//1..1.21|
8|//111112.|
9|///////1.|
-|---------|
Set/unset mines marks or claim a cell as free:
> 7 7 free

 |123456789|
-|---------|
1|/////////|
2|/////////|
3|11///////|
4|X1///////|
5|11///////|
6|//111111/|
7|//1X11X21|
8|//111112X|
9|///////11|
-|---------|
You stepped on a mine and failed
?[1;31m
Start test 77?[0m
[...]
8|.........|
9|........2|
-|---------|
Set/unset mines marks or claim a cell as free:
> 9 6 free

 |123456789|
-|---------|
1|.........|
2|.........|
3|.........|
4|.........|
5|.........|
6|........2|
7|.........|
8|.........|
9|........2|
-|---------|
Set/unset mines marks or claim a cell as free:
> 4 1 free

 |123456789|
-|---------|
1|3XXX4X3X1|
2|XX6X5X311|
3|234X43321|
4|12X34XX2X|
5|2X3X3X432|
6|X221324X2|
7|22212X4X3|
8|2X4X44X5X|
9|2X4X3XXX2|
-|---------|
You stepped on a mine and failed
?[1;31m
Start test 100?[0m
How many mines do you want on the field?
> 30

 |123456789|
-|---------|
1|.........|
2|.........|
3|.........|
4|.........|
5|.........|
6|.........|
7|.........|
8|.........|
9|.........|
-|---------|
Set/unset mines marks or claim a cell as free:
> 5 7 mine

 |123456789|
-|---------|
1|.........|
2|.........|
3|.........|
4|.........|
5|.........|
6|.........|
7|....*....|
8|.........|
9|.........|
-|---------|
Set/unset mines marks or claim a cell as free:
> 5 7 mine

 |123456789|
-|---------|
1|.........|
2|.........|
3|.........|
4|.........|
5|.........|
6|.........|
7|.........|
8|.........|
9|.........|
-|---------|
Set/unset mines marks or claim a cell as free:
> 1 8 free

 |123456789|
-|---------|
1|.........|
2|.........|
3|.........|
4|.........|
5|.........|
6|.........|
7|.........|
8|1........|
9|.........|
-|---------|
Set/unset mines marks or claim a cell as free:
> 9 4 free

 |123456789|
-|---------|
1|.........|
2|.........|
3|.........|
4|........1|
5|.........|
6|.........|
7|.........|
8|1........|
9|.........|
-|---------|
Set/unset mines marks or claim a cell as free:
> 6 5 mine

 |123456789|
-|---------|
1|.........|
2|.........|
3|.........|
4|........1|
5|.....*...|
6|.........|
7|.........|
8|1........|
9|.........|
-|---------|
Set/unset mines marks or claim a cell as free:
> 3 2 free

 |123456789|
-|---------|
1|.........|
2|..5......|
3|.........|
4|........1|
5|.....*...|
6|.........|
7|.........|
8|1........|
9|.........|
-|---------|
Set/unset mines marks or claim a cell as free:
> 5 3 free

 |123456789|
-|---------|
1|XX212XXX2|
2|4X54X45X3|
3|2XXXX43X2|
4|14X8XX311|
5|14XXXX2..|
6|X4X5X3111|
7|2X4532.1X|
8|12XXX1122|
9|.13X311X1|
-|---------|
You stepped on a mine and failed
?[1;31m
Start test 101?[0m
How many mines do you want on the field?
> 35

 |123456789|
-|---------|
1|.........|
2|.........|
3|.........|
4|.........|
5|.........|
6|.........|
7|.........|
8|.........|
9|.........|
-|---------|
Set/unset mines marks or claim a cell as free:
> 8 5 free

 |123456789|
-|---------|
1|.........|
2|.........|
3|.........|
4|.........|
5|.......5.|
6|.........|
7|.........|
8|.........|
9|.........|
-|---------|
Set/unset mines marks or claim a cell as free:
> 9 9 mine

 |123456789|
-|---------|
1|.........|
2|.........|
3|.........|
4|.........|
5|.......5.|
6|.........|
7|.........|
8|.........|
9|........*|
-|---------|
Set/unset mines marks or claim a cell as free:
> 9 9 mine

 |123456789|
-|---------|
1|.........|
2|.........|
3|.........|
4|.........|
5|.......5.|
6|.........|
7|.........|
8|.........|
9|.........|
-|---------|
Set/unset mines marks or claim a cell as free:
> 5 9 free

 |123456789|
-|---------|
1|12XXXX12X|
2|2X6X5212X|
3|2X6X41.22|
4|13XXX213X|
5|.3XX33X5X|
6|24X433XX4|
7|XX5X4X5XX|
8|35XX6X432|
9|X3XXX3X1.|
-|---------|
You stepped on a mine and failed
?[1;31m
Start test 102?[0m
How many mines do you want on the field?
> 35

 |123456789|
-|---------|
1|.........|
2|.........|
3|.........|
4|.........|
5|.........|
6|.........|
7|.........|
8|.........|
9|.........|
-|---------|
Set/unset mines marks or claim a cell as free:
> 8 2 mine

 |123456789|
-|---------|
1|.........|
2|.......*.|
3|.........|
4|.........|
5|.........|
6|.........|
7|.........|
8|.........|
9|.........|
-|---------|
Set/unset mines marks or claim a cell as free:
> 8 2 mine

 |123456789|
-|---------|
1|.........|
2|.........|
3|.........|
4|.........|
5|.........|
6|.........|
7|.........|
8|.........|
9|.........|
-|---------|
Set/unset mines marks or claim a cell as free:
> 9 9 free

 |123456789|
-|---------|
1|.........|
2|.........|
3|.........|
4|.........|
5|.........|
6|.........|
7|.........|
8|.........|
9|........2|
-|---------|
Set/unset mines marks or claim a cell as free:
> 4 8 free

 |123456789|
-|---------|
1|.........|
2|.........|
3|.........|
4|.........|
5|.........|
6|.........|
7|.........|
8|...5.....|
9|........2|
-|---------|
Set/unset mines marks or claim a cell as free:
> 1 4 free

 |123456789|
-|---------|
1|1121112X2|
2|3X5X33X5X|
3|XXXX4XXX3|
4|X55X45X5X|
5|2X212XX41|
6|233225X41|
7|2XX4X5XX3|
8|X5X5XX6XX|
9|2X23XXX32|
-|---------|
You stepped on a mine and failed
?[1;31m
Start test 103?[0m
How many mines do you want on the field?
> 40

 |123456789|
-|---------|
1|.........|
2|.........|
3|.........|
4|.........|
5|.........|
6|.........|
7|.........|
8|.........|
9|.........|
-|---------|
Set/unset mines marks or claim a cell as free:
> 1 5 mine

 |123456789|
-|---------|
1|.........|
2|.........|
3|.........|
4|.........|
5|*........|
6|.........|
7|.........|
8|.........|
9|.........|
-|---------|
Set/unset mines marks or claim a cell as free:
> 1 5 mine

 |123456789|
-|---------|
1|.........|
2|.........|
3|.........|
4|.........|
5|.........|
6|.........|
7|.........|
8|.........|
9|.........|
-|---------|
Set/unset mines marks or claim a cell as free:
> 7 7 free

 |123456789|
-|---------|
1|.........|
2|.........|
3|.........|
4|.........|
5|.........|
6|.........|
7|......4..|
8|.........|
9|.........|
-|---------|
Set/unset mines marks or claim a cell as free:
> 8 2 mine

 |123456789|
-|---------|
1|.........|
2|.......*.|
3|.........|
4|.........|
5|.........|
6|.........|
7|......4..|
8|.........|
9|.........|
-|---------|
Set/unset mines marks or claim a cell as free:
> 1 7 free

 |123456789|
-|---------|
1|.........|
2|.......*.|
3|.........|
4|.........|
5|.........|
6|.........|
7|4.....4..|
8|.........|
9|.........|
-|---------|
Set/unset mines marks or claim a cell as free:
> 6 9 mine

 |123456789|
-|---------|
1|.........|
2|.......*.|
3|.........|
4|.........|
5|.........|
6|.........|
7|4.....4..|
8|.........|
9|.....*...|
-|---------|
Set/unset mines marks or claim a cell as free:
> 5 1 mine

 |123456789|
-|---------|
1|....*....|
2|.......*.|
3|.........|
4|.........|
5|.........|
6|.........|
7|4.....4..|
8|.........|
9|.....*...|
-|---------|
Set/unset mines marks or claim a cell as free:
> 3 7 free

 |123456789|
-|---------|
1|....*....|
2|.......*.|
3|.........|
4|.........|
5|.........|
6|.........|
7|4.6...4..|
8|.........|
9|.....*...|
-|---------|
Set/unset mines marks or claim a cell as free:
> 7 4 mine

 |123456789|
-|---------|
1|....*....|
2|.......*.|
3|.........|
4|......*..|
5|.........|
6|.........|
7|4.6...4..|
8|.........|
9|.....*...|
-|---------|
Set/unset mines marks or claim a cell as free:
> 8 2 mine

 |123456789|
-|---------|
1|....*....|
2|.........|
3|.........|
4|......*..|
5|.........|
6|.........|
7|4.6...4..|
8|.........|
9|.....*...|
-|---------|
Set/unset mines marks or claim a cell as free:
> 2 3 free

 |123456789|
-|---------|
1|X33XX3111|
2|X4XXXX22X|
3|2X5X7X33X|
4|224X6X34X|
5|X34XX4X4X|
6|XX5X6X5X3|
7|4X6X4X4X2|
8|4XX543443|
9|XXXXX2XXX|
-|---------|
You stepped on a mine and failed
?[1;31m
Start test 104?[0m
How many mines do you want on the field?
> 40

 |123456789|
-|---------|
1|.........|
2|.........|
3|.........|
4|.........|
5|.........|
6|.........|
7|.........|
8|.........|
9|.........|
-|---------|
Set/unset mines marks or claim a cell as free:
> 1 7 free

 |123456789|
-|---------|
1|.........|
2|.........|
3|.........|
4|.........|
5|.........|
6|.........|
7|1........|
8|.........|
9|.........|
-|---------|
Set/unset mines marks or claim a cell as free:
> 1 3 mine

 |123456789|
-|---------|
1|.........|
2|.........|
3|*........|
4|.........|
5|.........|
6|.........|
7|1........|
8|.........|
9|.........|
-|---------|
Set/unset mines marks or claim a cell as free:
> 4 5 free

 |123456789|
-|---------|
1|12X333X32|
2|3X5XXX5XX|
3|XX5XXXX6X|
4|XX545XX4X|
5|X5XX34342|
6|2X44X3X3X|
7|12X323X53|
8|234X445XX|
9|XX3XXXXXX|
-|---------|
You stepped on a mine and failed
?[1;31m
Start test 105?[0m
How many mines do you want on the field?
> 45

 |123456789|
-|---------|
1|.........|
2|.........|
3|.........|
4|.........|
5|.........|
6|.........|
7|.........|
8|.........|
9|.........|
-|---------|
Set/unset mines marks or claim a cell as free:
> 2 4 mine

 |123456789|
-|---------|
1|.........|
2|.........|
3|.........|
4|.*.......|
5|.........|
6|.........|
7|.........|
8|.........|
9|.........|
-|---------|
Set/unset mines marks or claim a cell as free:
> 6 9 free

 |123456789|
-|---------|
1|.........|
2|.........|
3|.........|
4|.*.......|
5|.........|
6|.........|
7|.........|
8|.........|
9|.....4...|
-|---------|
Set/unset mines marks or claim a cell as free:
> 2 4 mine

 |123456789|
-|---------|
1|.........|
2|.........|
3|.........|
4|.........|
5|.........|
6|.........|
7|.........|
8|.........|
9|.....4...|
-|---------|
Set/unset mines marks or claim a cell as free:
> 7 2 free

 |123456789|
-|---------|
1|.........|
2|......6..|
3|.........|
4|.........|
5|.........|
6|.........|
7|.........|
8|.........|
9|.....4...|
-|---------|
Set/unset mines marks or claim a cell as free:
> 3 9 mine

 |123456789|
-|---------|
1|.........|
2|......6..|
3|.........|
4|.........|
5|.........|
6|.........|
7|.........|
8|.........|
9|..*..4...|
-|---------|
Set/unset mines marks or claim a cell as free:
> 5 7 mine

 |123456789|
-|---------|
1|.........|
2|......6..|
3|.........|
4|.........|
5|.........|
6|.........|
7|....*....|
8|.........|
9|..*..4...|
-|---------|
Set/unset mines marks or claim a cell as free:
> 3 6 free

 |123456789|
-|---------|
1|.........|
2|......6..|
3|.........|
4|.........|
5|.........|
6|..6......|
7|....*....|
8|.........|
9|..*..4...|
-|---------|
Set/unset mines marks or claim a cell as free:
> 5 7 mine

 |123456789|
-|---------|
1|.........|
2|......6..|
3|.........|
4|.........|
5|.........|
6|..6......|
7|.........|
8|.........|
9|..*..4...|
-|---------|
Set/unset mines marks or claim a cell as free:
> 6 8 mine

 |123456789|
-|---------|
1|.........|
2|......6..|
3|.........|
4|.........|
5|.........|
6|..6......|
7|.........|
8|.....*...|
9|..*..4...|
-|---------|
Set/unset mines marks or claim a cell as free:
> 4 4 mine

 |123456789|
-|---------|
1|.........|
2|......6..|
3|.........|
4|...*.....|
5|.........|
6|..6......|
7|.........|
8|.....*...|
9|..*..4...|
-|---------|
Set/unset mines marks or claim a cell as free:
> 1 5 free

 |123456789|
-|---------|
1|X12X4XX21|
2|223X6X6X3|
3|X44XX4XXX|
4|XXX6X45X4|
5|XXXX6X6X3|
6|X66XXXXX4|
7|2XX7X66XX|
8|14XXXX5X5|
9|.2X5X4XXX|
-|---------|
You stepped on a mine and failed
?[1;31m
Start test 106?[0m
How many mines do you want on the field?
> 45

 |123456789|
-|---------|
1|.........|
2|.........|
3|.........|
4|.........|
5|.........|
6|.........|
7|.........|
8|.........|
9|.........|
-|---------|
Set/unset mines marks or claim a cell as free:
> 3 5 free

 |123456789|
-|---------|
1|.........|
2|.........|
3|.........|
4|.........|
5|..4......|
6|.........|
7|.........|
8|.........|
9|.........|
-|---------|
Set/unset mines marks or claim a cell as free:
> 9 2 mine

 |123456789|
-|---------|
1|.........|
2|........*|
3|.........|
4|.........|
5|..4......|
6|.........|
7|.........|
8|.........|
9|.........|
-|---------|
Set/unset mines marks or claim a cell as free:
> 8 2 mine

 |123456789|
-|---------|
1|.........|
2|.......**|
3|.........|
4|.........|
5|..4......|
6|.........|
7|.........|
8|.........|
9|.........|
-|---------|
Set/unset mines marks or claim a cell as free:
> 4 6 mine

 |123456789|
-|---------|
1|.........|
2|.......**|
3|.........|
4|.........|
5|..4......|
6|...*.....|
7|.........|
8|.........|
9|.........|
-|---------|
Set/unset mines marks or claim a cell as free:
> 8 7 mine

 |123456789|
-|---------|
1|.........|
2|.......**|
3|.........|
4|.........|
5|..4......|
6|...*.....|
7|.......*.|
8|.........|
9|.........|
-|---------|
Set/unset mines marks or claim a cell as free:
> 8 7 mine

 |123456789|
-|---------|
1|.........|
2|.......**|
3|.........|
4|.........|
5|..4......|
6|...*.....|
7|.........|
8|.........|
9|.........|
-|---------|
Set/unset mines marks or claim a cell as free:
> 1 6 free

 |123456789|
-|---------|
1|X4XX5XX3X|
2|XX6XXX45X|
3|X6XX534XX|
4|XX5X22XX4|
5|4X4223X4X|
6|X4X44X432|
7|35XXXX6X3|
8|XX567XXXX|
9|23XXXX5XX|
-|---------|
You stepped on a mine and failed
?[1;31m
Start test 107?[0m
How many mines do you want on the field?
> 50

 |123456789|
-|---------|
1|.........|
2|.........|
3|.........|
4|.........|
5|.........|
6|.........|
7|.........|
8|.........|
9|.........|
-|---------|
Set/unset mines marks or claim a cell as free:
> 1 9 free

 |123456789|
-|---------|
1|.........|
2|.........|
3|.........|
4|.........|
5|.........|
6|.........|
7|.........|
8|.........|
9|1........|
-|---------|
Set/unset mines marks or claim a cell as free:
> 6 4 free

 |123456789|
-|---------|
1|3X5XXXXX1|
2|XXXX8X631|
3|467XXXX32|
4|XXXXXX7XX|
5|4XXX7XXXX|
6|X4X5XX8X4|
7|244X7XXX3|
8|X2XXXX76X|
9|1224XXXXX|
-|---------|
You stepped on a mine and failed
?[1;31m
Start test 108?[0m
How many mines do you want on the field?
> 50

 |123456789|
-|---------|
1|.........|
2|.........|
3|.........|
4|.........|
5|.........|
6|.........|
7|.........|
8|.........|
9|.........|
-|---------|
Set/unset mines marks or claim a cell as free:
> 4 6 free

 |123456789|
-|---------|
1|.........|
2|.........|
3|.........|
4|.........|
5|.........|
6|...7.....|
7|.........|
8|.........|
9|.........|
-|---------|
Set/unset mines marks or claim a cell as free:
> 8 7 mine

 |123456789|
-|---------|
1|.........|
2|.........|
3|.........|
4|.........|
5|.........|
6|...7.....|
7|.......*.|
8|.........|
9|.........|
-|---------|
Set/unset mines marks or claim a cell as free:
> 8 7 mine

 |123456789|
-|---------|
1|.........|
2|.........|
3|.........|
4|.........|
5|.........|
6|...7.....|
7|.........|
8|.........|
9|.........|
-|---------|
Set/unset mines marks or claim a cell as free:
> 8 4 free

 |123456789|
-|---------|
1|XX3X212XX|
2|X6X5X23X5|
3|3XX5X45XX|
4|X6X65XXXX|
5|X5XXXXXXX|
6|3X67XX7X4|
7|4XXXX7XX2|
8|XXX7XXX52|
9|3XX4XXXX1|
-|---------|
You stepped on a mine and failed
?[1;31m
Start test 109?[0m
How many mines do you want on the field?
> 55

 |123456789|
-|---------|
1|.........|
2|.........|
3|.........|
4|.........|
5|.........|
6|.........|
7|.........|
8|.........|
9|.........|
-|---------|
Set/unset mines marks or claim a cell as free:
> 5 3 mine

 |123456789|
-|---------|
1|.........|
2|.........|
3|....*....|
4|.........|
5|.........|
6|.........|
7|.........|
8|.........|
9|.........|
-|---------|
Set/unset mines marks or claim a cell as free:
> 1 5 mine

 |123456789|
-|---------|
1|.........|
2|.........|
3|....*....|
4|.........|
5|*........|
6|.........|
7|.........|
8|.........|
9|.........|
-|---------|
Set/unset mines marks or claim a cell as free:
> 2 6 mine

 |123456789|
-|---------|
1|.........|
2|.........|
3|....*....|
4|.........|
5|*........|
6|.*.......|
7|.........|
8|.........|
9|.........|
-|---------|
Set/unset mines marks or claim a cell as free:
> 6 4 free

 |123456789|
-|---------|
1|.........|
2|.........|
3|....*....|
4|.....6...|
5|*........|
6|.*.......|
7|.........|
8|.........|
9|.........|
-|---------|
Set/unset mines marks or claim a cell as free:
> 2 9 mine

 |123456789|
-|---------|
1|.........|
2|.........|
3|....*....|
4|.....6...|
5|*........|
6|.*.......|
7|.........|
8|.........|
9|.*.......|
-|---------|
Set/unset mines marks or claim a cell as free:
> 3 2 free

 |123456789|
-|---------|
1|XXXXXXXXX|
2|47X7XXXX4|
3|XXX6X656X|
4|3X6XX6XXX|
5|24XXXXXX5|
6|2XXX67XXX|
7|3X54XXXXX|
8|3X45XXX7X|
9|X3XXXXXX2|
-|---------|
You stepped on a mine and failed
?[1;31m
Start test 110?[0m
How many mines do you want on the field?
> 55

 |123456789|
-|---------|
1|.........|
2|.........|
3|.........|
4|.........|
5|.........|
6|.........|
7|.........|
8|.........|
9|.........|
-|---------|
Set/unset mines marks or claim a cell as free:
> 5 5 free

 |123456789|
-|---------|
1|.........|
2|.........|
3|.........|
4|.........|
5|....6....|
6|.........|
7|.........|
8|.........|
9|.........|
-|---------|
Set/unset mines marks or claim a cell as free:
> 1 1 free

 |123456789|
-|---------|
1|XXXX223XX|
2|X7X65XX7X|
3|3XXXXXXXX|
4|X7XXX6553|
5|XXXX6XX4X|
6|XX7X7XX6X|
7|5X6XXXX6X|
8|XX6XXXX7X|
9|3XX4X5XXX|
-|---------|
You stepped on a mine and failed
?[1;31m
Start test 111?[0m
How many mines do you want on the field?
> 60

 |123456789|
-|---------|
1|.........|
2|.........|
3|.........|
4|.........|
5|.........|
6|.........|
7|.........|
8|.........|
9|.........|
-|---------|
Set/unset mines marks or claim a cell as free:
> 5 5 free

 |123456789|
-|---------|
1|.........|
2|.........|
3|.........|
4|.........|
5|....7....|
6|.........|
7|.........|
8|.........|
9|.........|
-|---------|
Set/unset mines marks or claim a cell as free:
> 7 8 mine

 |123456789|
-|---------|
1|.........|
2|.........|
3|.........|
4|.........|
5|....7....|
6|.........|
7|.........|
8|......*..|
9|.........|
-|---------|
Set/unset mines marks or claim a cell as free:
> 5 6 free

 |123456789|
-|---------|
1|XXXXXX5XX|
2|4XX66XXXX|
3|4XXX6XXXX|
4|XXXXXXX8X|
5|XX8X7XXXX|
6|4XXXX35XX|
7|X6XX545X5|
8|X7X6XXXXX|
9|XXXX4XXX3|
-|---------|
You stepped on a mine and failed
?[1;31m
Start test 112?[0m
How many mines do you want on the field?
> 60

 |123456789|
-|---------|
1|.........|
2|.........|
3|.........|
4|.........|
5|.........|
6|.........|
7|.........|
8|.........|
9|.........|
-|---------|
Set/unset mines marks or claim a cell as free:
> 5 2 free

 |123456789|
-|---------|
1|.........|
2|....5....|
3|.........|
4|.........|
5|.........|
6|.........|
7|.........|
8|.........|
9|.........|
-|---------|
Set/unset mines marks or claim a cell as free:
> 1 4 free

 |123456789|
-|---------|
1|XX3X3XXX3|
2|X7X45XXXX|
3|XXX4XX8XX|
4|XXX44XXXX|
5|XX65X66XX|
6|XXXXXXX6X|
7|XXXX65XX4|
8|XXXX6X6XX|
9|XXXXXX4XX|
-|---------|
You stepped on a mine and failed
?[1;31m
Start test 113?[0m
How many mines do you want on the field?
> 65

 |123456789|
-|---------|
1|.........|
2|.........|
3|.........|
4|.........|
5|.........|
6|.........|
7|.........|
8|.........|
9|.........|
-|---------|
Set/unset mines marks or claim a cell as free:
> 8 3 free

 |123456789|
-|---------|
1|.........|
2|.........|
3|.......6.|
4|.........|
5|.........|
6|.........|
7|.........|
8|.........|
9|.........|
-|---------|
Set/unset mines marks or claim a cell as free:
> 9 3 free

 |123456789|
-|---------|
1|XXXXXXX4X|
2|XXXXXX5XX|
3|5X7XX7X6X|
4|XX6XXXXX4|
5|X7XXXXXXX|
6|XXX7XXX8X|
7|4X6XXXXXX|
8|3X7XXXXXX|
9|2XXXXXXXX|
-|---------|
You stepped on a mine and failed
?[1;31m
Start test 114?[0m
How many mines do you want on the field?
> 65

 |123456789|
-|---------|
1|.........|
2|.........|
3|.........|
4|.........|
5|.........|
6|.........|
7|.........|
8|.........|
9|.........|
-|---------|
Set/unset mines marks or claim a cell as free:
> 7 5 free

 |123456789|
-|---------|
1|.........|
2|.........|
3|.........|
4|.........|
5|......7..|
6|.........|
7|.........|
8|.........|
9|.........|
-|---------|
Set/unset mines marks or claim a cell as free:
> 2 2 mine

 |123456789|
-|---------|
1|.........|
2|.*.......|
3|.........|
4|.........|
5|......7..|
6|.........|
7|.........|
8|.........|
9|.........|
-|---------|
Set/unset mines marks or claim a cell as free:
> 9 8 free

 |123456789|
-|---------|
1|3XXXXXXX2|
2|XXXXXXXX4|
3|35XXXXXXX|
4|X56XXXXXX|
5|XXXXXX7XX|
6|XX7XX7XXX|
7|XXX6XXXXX|
8|5XX7XXX7X|
9|XXXXX5XX2|
-|---------|
You stepped on a mine and failed
]]></system-out>
  <system-err><![CDATA[]]></system-err>
</testsuite>
